<?xml version="1.0" encoding="UTF-8"?>
<testng-results ignored="0" total="121" passed="121" failed="0" skipped="0">
  <reporter-output>
  </reporter-output>
  <suite started-at="2020-11-17T18:08:12 BOT" name="Command line suite" finished-at="2020-11-17T18:08:37 BOT" duration-ms="25748">
    <groups>
    </groups>
    <test started-at="2020-11-17T18:08:12 BOT" name="Command line test" finished-at="2020-11-17T18:08:37 BOT" duration-ms="25748">
      <class name="entidadesTest.PlanWowTest">
        <test-method signature="calculatePriceCallBelongsToFriends()[pri:0, instance:entidadesTest.PlanWowTest@5d51e129]" started-at="2020-11-17T18:08:30 BOT" name="calculatePriceCallBelongsToFriends" finished-at="2020-11-17T18:08:30 BOT" duration-ms="1" status="PASS">
          <reporter-output>
          </reporter-output>
        </test-method> <!-- calculatePriceCallBelongsToFriends -->
        <test-method is-config="true" signature="init()[pri:0, instance:entidadesTest.PlanWowTest@5d51e129]" started-at="2020-11-17T18:08:30 BOT" name="init" finished-at="2020-11-17T18:08:30 BOT" duration-ms="0" status="PASS">
          <reporter-output>
          </reporter-output>
        </test-method> <!-- init -->
        <test-method signature="calculatePriceExternalNumber()[pri:0, instance:entidadesTest.PlanWowTest@5d51e129]" started-at="2020-11-17T18:08:30 BOT" name="calculatePriceExternalNumber" finished-at="2020-11-17T18:08:30 BOT" duration-ms="0" status="PASS">
          <reporter-output>
          </reporter-output>
        </test-method> <!-- calculatePriceExternalNumber -->
        <test-method is-config="true" signature="init()[pri:0, instance:entidadesTest.PlanWowTest@5d51e129]" started-at="2020-11-17T18:08:30 BOT" name="init" finished-at="2020-11-17T18:08:30 BOT" duration-ms="0" status="PASS">
          <reporter-output>
          </reporter-output>
        </test-method> <!-- init -->
      </class> <!-- entidadesTest.PlanWowTest -->
      <class name="repositoriosTest.PersistenciaArchivosTest">
        <test-method is-config="true" signature="initDeserializarTodosLosArchivos()[pri:0, instance:repositoriosTest.PersistenciaArchivosTest@743e66f7]" started-at="2020-11-17T18:08:30 BOT" name="initDeserializarTodosLosArchivos" finished-at="2020-11-17T18:08:30 BOT" duration-ms="1" status="PASS">
          <reporter-output>
          </reporter-output>
        </test-method> <!-- initDeserializarTodosLosArchivos -->
        <test-method signature="deserializarExepcionTest()[pri:0, instance:repositoriosTest.PersistenciaArchivosTest@743e66f7]" started-at="2020-11-17T18:08:30 BOT" name="deserializarExepcionTest" finished-at="2020-11-17T18:08:30 BOT" duration-ms="1" status="PASS">
          <reporter-output>
          </reporter-output>
        </test-method> <!-- deserializarExepcionTest -->
        <test-method is-config="true" signature="initSerializarArchivos()[pri:0, instance:repositoriosTest.PersistenciaArchivosTest@743e66f7]" started-at="2020-11-17T18:08:30 BOT" name="initSerializarArchivos" finished-at="2020-11-17T18:08:30 BOT" duration-ms="0" status="PASS">
          <reporter-output>
          </reporter-output>
        </test-method> <!-- initSerializarArchivos -->
        <test-method signature="deserializarTodosLosArchivosTest()[pri:0, instance:repositoriosTest.PersistenciaArchivosTest@743e66f7]" started-at="2020-11-17T18:08:30 BOT" name="deserializarTodosLosArchivosTest" finished-at="2020-11-17T18:08:33 BOT" duration-ms="3033" status="PASS">
          <reporter-output>
          </reporter-output>
        </test-method> <!-- deserializarTodosLosArchivosTest -->
        <test-method is-config="true" signature="initSerializarArchivos()[pri:0, instance:repositoriosTest.PersistenciaArchivosTest@743e66f7]" started-at="2020-11-17T18:08:30 BOT" name="initSerializarArchivos" finished-at="2020-11-17T18:08:30 BOT" duration-ms="0" status="PASS">
          <reporter-output>
          </reporter-output>
        </test-method> <!-- initSerializarArchivos -->
        <test-method is-config="true" signature="initDeserializarTodosLosArchivos()[pri:0, instance:repositoriosTest.PersistenciaArchivosTest@743e66f7]" started-at="2020-11-17T18:08:30 BOT" name="initDeserializarTodosLosArchivos" finished-at="2020-11-17T18:08:30 BOT" duration-ms="0" status="PASS">
          <reporter-output>
          </reporter-output>
        </test-method> <!-- initDeserializarTodosLosArchivos -->
        <test-method is-config="true" signature="initDeserializarTodosLosArchivos()[pri:0, instance:repositoriosTest.PersistenciaArchivosTest@743e66f7]" started-at="2020-11-17T18:08:33 BOT" name="initDeserializarTodosLosArchivos" finished-at="2020-11-17T18:08:33 BOT" duration-ms="0" status="PASS">
          <reporter-output>
          </reporter-output>
        </test-method> <!-- initDeserializarTodosLosArchivos -->
        <test-method signature="serializarTest()[pri:0, instance:repositoriosTest.PersistenciaArchivosTest@743e66f7]" started-at="2020-11-17T18:08:33 BOT" name="serializarTest" finished-at="2020-11-17T18:08:33 BOT" duration-ms="13" status="PASS">
          <reporter-output>
          </reporter-output>
        </test-method> <!-- serializarTest -->
        <test-method is-config="true" signature="initSerializarArchivos()[pri:0, instance:repositoriosTest.PersistenciaArchivosTest@743e66f7]" started-at="2020-11-17T18:08:33 BOT" name="initSerializarArchivos" finished-at="2020-11-17T18:08:33 BOT" duration-ms="0" status="PASS">
          <reporter-output>
          </reporter-output>
        </test-method> <!-- initSerializarArchivos -->
      </class> <!-- repositoriosTest.PersistenciaArchivosTest -->
      <class name="repositoriosTest.RepositorioClientesTest">
        <test-method is-config="true" signature="initRegistro()[pri:0, instance:repositoriosTest.RepositorioClientesTest@71978f46]" started-at="2020-11-17T18:08:35 BOT" name="initRegistro" finished-at="2020-11-17T18:08:35 BOT" duration-ms="8" status="PASS">
          <reporter-output>
          </reporter-output>
        </test-method> <!-- initRegistro -->
        <test-method is-config="true" signature="initRegistrarNuevoClientePlanNormal()[pri:0, instance:repositoriosTest.RepositorioClientesTest@71978f46]" started-at="2020-11-17T18:08:35 BOT" name="initRegistrarNuevoClientePlanNormal" finished-at="2020-11-17T18:08:36 BOT" duration-ms="351" status="PASS">
          <reporter-output>
          </reporter-output>
        </test-method> <!-- initRegistrarNuevoClientePlanNormal -->
        <test-method is-config="true" signature="initRegistrarNuevoClientePlanNormal()[pri:0, instance:repositoriosTest.RepositorioClientesTest@71978f46]" started-at="2020-11-17T18:08:36 BOT" name="initRegistrarNuevoClientePlanNormal" finished-at="2020-11-17T18:08:36 BOT" duration-ms="252" status="PASS">
          <reporter-output>
          </reporter-output>
        </test-method> <!-- initRegistrarNuevoClientePlanNormal -->
        <test-method signature="buscarClienteTest()[pri:0, instance:repositoriosTest.RepositorioClientesTest@71978f46]" started-at="2020-11-17T18:08:36 BOT" name="buscarClienteTest" finished-at="2020-11-17T18:08:36 BOT" duration-ms="0" status="PASS">
          <reporter-output>
          </reporter-output>
        </test-method> <!-- buscarClienteTest -->
        <test-method is-config="true" signature="initRegistrarNuevoClientePlanNumerosAmigos()[pri:0, instance:repositoriosTest.RepositorioClientesTest@71978f46]" started-at="2020-11-17T18:08:36 BOT" name="initRegistrarNuevoClientePlanNumerosAmigos" finished-at="2020-11-17T18:08:36 BOT" duration-ms="0" status="PASS">
          <reporter-output>
          </reporter-output>
        </test-method> <!-- initRegistrarNuevoClientePlanNumerosAmigos -->
        <test-method signature="registrarClienteAmigosEnDBTest()[pri:0, instance:repositoriosTest.RepositorioClientesTest@71978f46]" started-at="2020-11-17T18:08:36 BOT" name="registrarClienteAmigosEnDBTest" finished-at="2020-11-17T18:08:36 BOT" duration-ms="291" status="PASS">
          <reporter-output>
          </reporter-output>
        </test-method> <!-- registrarClienteAmigosEnDBTest -->
        <test-method is-config="true" signature="initRegistrarNuevoClientePlanNumerosAmigos()[pri:0, instance:repositoriosTest.RepositorioClientesTest@71978f46]" started-at="2020-11-17T18:08:36 BOT" name="initRegistrarNuevoClientePlanNumerosAmigos" finished-at="2020-11-17T18:08:36 BOT" duration-ms="0" status="PASS">
          <reporter-output>
          </reporter-output>
        </test-method> <!-- initRegistrarNuevoClientePlanNumerosAmigos -->
        <test-method is-config="true" signature="initRegistrarNuevoClientePlanNormal()[pri:0, instance:repositoriosTest.RepositorioClientesTest@71978f46]" started-at="2020-11-17T18:08:36 BOT" name="initRegistrarNuevoClientePlanNormal" finished-at="2020-11-17T18:08:36 BOT" duration-ms="240" status="PASS">
          <reporter-output>
          </reporter-output>
        </test-method> <!-- initRegistrarNuevoClientePlanNormal -->
        <test-method is-config="true" signature="initRegistrarNuevoClientePlanNumerosAmigos()[pri:0, instance:repositoriosTest.RepositorioClientesTest@71978f46]" started-at="2020-11-17T18:08:36 BOT" name="initRegistrarNuevoClientePlanNumerosAmigos" finished-at="2020-11-17T18:08:36 BOT" duration-ms="1" status="PASS">
          <reporter-output>
          </reporter-output>
        </test-method> <!-- initRegistrarNuevoClientePlanNumerosAmigos -->
        <test-method signature="registrarClienteNormalEnDBTest()[pri:0, instance:repositoriosTest.RepositorioClientesTest@71978f46]" started-at="2020-11-17T18:08:36 BOT" name="registrarClienteNormalEnDBTest" finished-at="2020-11-17T18:08:37 BOT" duration-ms="225" status="PASS">
          <reporter-output>
          </reporter-output>
        </test-method> <!-- registrarClienteNormalEnDBTest -->
        <test-method is-config="true" signature="initRegistrarNuevoClientePlanNormal()[pri:0, instance:repositoriosTest.RepositorioClientesTest@71978f46]" started-at="2020-11-17T18:08:37 BOT" name="initRegistrarNuevoClientePlanNormal" finished-at="2020-11-17T18:08:37 BOT" duration-ms="250" status="PASS">
          <reporter-output>
          </reporter-output>
        </test-method> <!-- initRegistrarNuevoClientePlanNormal -->
        <test-method is-config="true" signature="initRegistrarNuevoClientePlanNumerosAmigos()[pri:0, instance:repositoriosTest.RepositorioClientesTest@71978f46]" started-at="2020-11-17T18:08:37 BOT" name="initRegistrarNuevoClientePlanNumerosAmigos" finished-at="2020-11-17T18:08:37 BOT" duration-ms="0" status="PASS">
          <reporter-output>
          </reporter-output>
        </test-method> <!-- initRegistrarNuevoClientePlanNumerosAmigos -->
        <test-method signature="registrarNuevoClientePlanNormalTest()[pri:0, instance:repositoriosTest.RepositorioClientesTest@71978f46]" started-at="2020-11-17T18:08:37 BOT" name="registrarNuevoClientePlanNormalTest" finished-at="2020-11-17T18:08:37 BOT" duration-ms="0" status="PASS">
          <reporter-output>
          </reporter-output>
        </test-method> <!-- registrarNuevoClientePlanNormalTest -->
        <test-method is-config="true" signature="initRegistrarNuevoClientePlanNormal()[pri:0, instance:repositoriosTest.RepositorioClientesTest@71978f46]" started-at="2020-11-17T18:08:37 BOT" name="initRegistrarNuevoClientePlanNormal" finished-at="2020-11-17T18:08:37 BOT" duration-ms="231" status="PASS">
          <reporter-output>
          </reporter-output>
        </test-method> <!-- initRegistrarNuevoClientePlanNormal -->
        <test-method is-config="true" signature="borrarRegistrosClientes()[pri:0, instance:repositoriosTest.RepositorioClientesTest@71978f46]" started-at="2020-11-17T18:08:37 BOT" name="borrarRegistrosClientes" finished-at="2020-11-17T18:08:37 BOT" duration-ms="216" status="PASS">
          <reporter-output>
          </reporter-output>
        </test-method> <!-- borrarRegistrosClientes -->
        <test-method signature="registrarNuevoClientePlanNumerosAmigos()[pri:0, instance:repositoriosTest.RepositorioClientesTest@71978f46]" started-at="2020-11-17T18:08:37 BOT" name="registrarNuevoClientePlanNumerosAmigos" finished-at="2020-11-17T18:08:37 BOT" duration-ms="0" status="PASS">
          <reporter-output>
          </reporter-output>
        </test-method> <!-- registrarNuevoClientePlanNumerosAmigos -->
        <test-method is-config="true" signature="initRegistrarNuevoClientePlanNumerosAmigos()[pri:0, instance:repositoriosTest.RepositorioClientesTest@71978f46]" started-at="2020-11-17T18:08:37 BOT" name="initRegistrarNuevoClientePlanNumerosAmigos" finished-at="2020-11-17T18:08:37 BOT" duration-ms="0" status="PASS">
          <reporter-output>
          </reporter-output>
        </test-method> <!-- initRegistrarNuevoClientePlanNumerosAmigos -->
      </class> <!-- repositoriosTest.RepositorioClientesTest -->
      <class name="casosDeUsoTest.ObtenerMontoTarifaTest">
        <test-method is-config="true" signature="init()[pri:0, instance:casosDeUsoTest.ObtenerMontoTarifaTest@7cd4a4d7]" started-at="2020-11-17T18:08:12 BOT" name="init" finished-at="2020-11-17T18:08:12 BOT" duration-ms="0" status="PASS">
          <reporter-output>
          </reporter-output>
        </test-method> <!-- init -->
        <test-method signature="noEstaEnHorarioReducido()[pri:0, instance:casosDeUsoTest.ObtenerMontoTarifaTest@7cd4a4d7]" started-at="2020-11-17T18:08:12 BOT" name="noEstaEnHorarioReducido" finished-at="2020-11-17T18:08:12 BOT" duration-ms="1" status="PASS">
          <reporter-output>
          </reporter-output>
        </test-method> <!-- noEstaEnHorarioReducido -->
        <test-method is-config="true" signature="initTarifaPrepagoNormal()[pri:0, instance:casosDeUsoTest.ObtenerMontoTarifaTest@7cd4a4d7]" started-at="2020-11-17T18:08:12 BOT" name="initTarifaPrepagoNormal" finished-at="2020-11-17T18:08:12 BOT" duration-ms="0" status="PASS">
          <reporter-output>
          </reporter-output>
        </test-method> <!-- initTarifaPrepagoNormal -->
        <test-method is-config="true" signature="initTarifaPrepagoReducida()[pri:0, instance:casosDeUsoTest.ObtenerMontoTarifaTest@7cd4a4d7]" started-at="2020-11-17T18:08:12 BOT" name="initTarifaPrepagoReducida" finished-at="2020-11-17T18:08:12 BOT" duration-ms="0" status="PASS">
          <reporter-output>
          </reporter-output>
        </test-method> <!-- initTarifaPrepagoReducida -->
        <test-method is-config="true" signature="initTarifaPrepagoSuperReducida()[pri:0, instance:casosDeUsoTest.ObtenerMontoTarifaTest@7cd4a4d7]" started-at="2020-11-17T18:08:12 BOT" name="initTarifaPrepagoSuperReducida" finished-at="2020-11-17T18:08:12 BOT" duration-ms="0" status="PASS">
          <reporter-output>
          </reporter-output>
        </test-method> <!-- initTarifaPrepagoSuperReducida -->
        <test-method is-config="true" signature="init()[pri:0, instance:casosDeUsoTest.ObtenerMontoTarifaTest@7cd4a4d7]" started-at="2020-11-17T18:08:12 BOT" name="init" finished-at="2020-11-17T18:08:12 BOT" duration-ms="0" status="PASS">
          <reporter-output>
          </reporter-output>
        </test-method> <!-- init -->
        <test-method is-config="true" signature="initTarifaPrepagoReducida()[pri:0, instance:casosDeUsoTest.ObtenerMontoTarifaTest@7cd4a4d7]" started-at="2020-11-17T18:08:12 BOT" name="initTarifaPrepagoReducida" finished-at="2020-11-17T18:08:12 BOT" duration-ms="1" status="PASS">
          <reporter-output>
          </reporter-output>
        </test-method> <!-- initTarifaPrepagoReducida -->
        <test-method is-config="true" signature="initTarifaPrepagoNormal()[pri:0, instance:casosDeUsoTest.ObtenerMontoTarifaTest@7cd4a4d7]" started-at="2020-11-17T18:08:12 BOT" name="initTarifaPrepagoNormal" finished-at="2020-11-17T18:08:12 BOT" duration-ms="0" status="PASS">
          <reporter-output>
          </reporter-output>
        </test-method> <!-- initTarifaPrepagoNormal -->
        <test-method signature="noEstaEnHorarioSuperReducido()[pri:0, instance:casosDeUsoTest.ObtenerMontoTarifaTest@7cd4a4d7]" started-at="2020-11-17T18:08:12 BOT" name="noEstaEnHorarioSuperReducido" finished-at="2020-11-17T18:08:12 BOT" duration-ms="0" status="PASS">
          <reporter-output>
          </reporter-output>
        </test-method> <!-- noEstaEnHorarioSuperReducido -->
        <test-method is-config="true" signature="initTarifaPrepagoSuperReducida()[pri:0, instance:casosDeUsoTest.ObtenerMontoTarifaTest@7cd4a4d7]" started-at="2020-11-17T18:08:12 BOT" name="initTarifaPrepagoSuperReducida" finished-at="2020-11-17T18:08:12 BOT" duration-ms="0" status="PASS">
          <reporter-output>
          </reporter-output>
        </test-method> <!-- initTarifaPrepagoSuperReducida -->
        <test-method is-config="true" signature="init()[pri:0, instance:casosDeUsoTest.ObtenerMontoTarifaTest@7cd4a4d7]" started-at="2020-11-17T18:08:12 BOT" name="init" finished-at="2020-11-17T18:08:12 BOT" duration-ms="0" status="PASS">
          <reporter-output>
          </reporter-output>
        </test-method> <!-- init -->
        <test-method is-config="true" signature="initTarifaPrepagoNormal()[pri:0, instance:casosDeUsoTest.ObtenerMontoTarifaTest@7cd4a4d7]" started-at="2020-11-17T18:08:12 BOT" name="initTarifaPrepagoNormal" finished-at="2020-11-17T18:08:12 BOT" duration-ms="0" status="PASS">
          <reporter-output>
          </reporter-output>
        </test-method> <!-- initTarifaPrepagoNormal -->
        <test-method is-config="true" signature="initTarifaPrepagoSuperReducida()[pri:0, instance:casosDeUsoTest.ObtenerMontoTarifaTest@7cd4a4d7]" started-at="2020-11-17T18:08:12 BOT" name="initTarifaPrepagoSuperReducida" finished-at="2020-11-17T18:08:12 BOT" duration-ms="1" status="PASS">
          <reporter-output>
          </reporter-output>
        </test-method> <!-- initTarifaPrepagoSuperReducida -->
        <test-method is-config="true" signature="initTarifaPrepagoReducida()[pri:0, instance:casosDeUsoTest.ObtenerMontoTarifaTest@7cd4a4d7]" started-at="2020-11-17T18:08:12 BOT" name="initTarifaPrepagoReducida" finished-at="2020-11-17T18:08:12 BOT" duration-ms="0" status="PASS">
          <reporter-output>
          </reporter-output>
        </test-method> <!-- initTarifaPrepagoReducida -->
        <test-method signature="obtenerMontoTarifaPlanNoRegistrado()[pri:0, instance:casosDeUsoTest.ObtenerMontoTarifaTest@7cd4a4d7]" started-at="2020-11-17T18:08:12 BOT" name="obtenerMontoTarifaPlanNoRegistrado" finished-at="2020-11-17T18:08:12 BOT" duration-ms="0" status="PASS">
          <reporter-output>
          </reporter-output>
        </test-method> <!-- obtenerMontoTarifaPlanNoRegistrado -->
        <test-method is-config="true" signature="initTarifaPrepagoSuperReducida()[pri:0, instance:casosDeUsoTest.ObtenerMontoTarifaTest@7cd4a4d7]" started-at="2020-11-17T18:08:12 BOT" name="initTarifaPrepagoSuperReducida" finished-at="2020-11-17T18:08:12 BOT" duration-ms="1" status="PASS">
          <reporter-output>
          </reporter-output>
        </test-method> <!-- initTarifaPrepagoSuperReducida -->
        <test-method is-config="true" signature="initTarifaPrepagoReducida()[pri:0, instance:casosDeUsoTest.ObtenerMontoTarifaTest@7cd4a4d7]" started-at="2020-11-17T18:08:12 BOT" name="initTarifaPrepagoReducida" finished-at="2020-11-17T18:08:12 BOT" duration-ms="0" status="PASS">
          <reporter-output>
          </reporter-output>
        </test-method> <!-- initTarifaPrepagoReducida -->
        <test-method is-config="true" signature="init()[pri:0, instance:casosDeUsoTest.ObtenerMontoTarifaTest@7cd4a4d7]" started-at="2020-11-17T18:08:12 BOT" name="init" finished-at="2020-11-17T18:08:12 BOT" duration-ms="0" status="PASS">
          <reporter-output>
          </reporter-output>
        </test-method> <!-- init -->
        <test-method is-config="true" signature="initTarifaPrepagoNormal()[pri:0, instance:casosDeUsoTest.ObtenerMontoTarifaTest@7cd4a4d7]" started-at="2020-11-17T18:08:12 BOT" name="initTarifaPrepagoNormal" finished-at="2020-11-17T18:08:12 BOT" duration-ms="0" status="PASS">
          <reporter-output>
          </reporter-output>
        </test-method> <!-- initTarifaPrepagoNormal -->
        <test-method signature="obtenerMontoTarifaPostpago()[pri:0, instance:casosDeUsoTest.ObtenerMontoTarifaTest@7cd4a4d7]" started-at="2020-11-17T18:08:12 BOT" name="obtenerMontoTarifaPostpago" finished-at="2020-11-17T18:08:12 BOT" duration-ms="0" status="PASS">
          <reporter-output>
          </reporter-output>
        </test-method> <!-- obtenerMontoTarifaPostpago -->
        <test-method is-config="true" signature="init()[pri:0, instance:casosDeUsoTest.ObtenerMontoTarifaTest@7cd4a4d7]" started-at="2020-11-17T18:08:12 BOT" name="init" finished-at="2020-11-17T18:08:12 BOT" duration-ms="1" status="PASS">
          <reporter-output>
          </reporter-output>
        </test-method> <!-- init -->
        <test-method is-config="true" signature="initTarifaPrepagoReducida()[pri:0, instance:casosDeUsoTest.ObtenerMontoTarifaTest@7cd4a4d7]" started-at="2020-11-17T18:08:12 BOT" name="initTarifaPrepagoReducida" finished-at="2020-11-17T18:08:12 BOT" duration-ms="0" status="PASS">
          <reporter-output>
          </reporter-output>
        </test-method> <!-- initTarifaPrepagoReducida -->
        <test-method is-config="true" signature="initTarifaPrepagoNormal()[pri:0, instance:casosDeUsoTest.ObtenerMontoTarifaTest@7cd4a4d7]" started-at="2020-11-17T18:08:12 BOT" name="initTarifaPrepagoNormal" finished-at="2020-11-17T18:08:12 BOT" duration-ms="0" status="PASS">
          <reporter-output>
          </reporter-output>
        </test-method> <!-- initTarifaPrepagoNormal -->
        <test-method is-config="true" signature="initTarifaPrepagoSuperReducida()[pri:0, instance:casosDeUsoTest.ObtenerMontoTarifaTest@7cd4a4d7]" started-at="2020-11-17T18:08:12 BOT" name="initTarifaPrepagoSuperReducida" finished-at="2020-11-17T18:08:12 BOT" duration-ms="0" status="PASS">
          <reporter-output>
          </reporter-output>
        </test-method> <!-- initTarifaPrepagoSuperReducida -->
        <test-method signature="obtenerMontoTarifaPrepagoNormal()[pri:0, instance:casosDeUsoTest.ObtenerMontoTarifaTest@7cd4a4d7]" started-at="2020-11-17T18:08:12 BOT" name="obtenerMontoTarifaPrepagoNormal" finished-at="2020-11-17T18:08:12 BOT" duration-ms="0" status="PASS">
          <reporter-output>
          </reporter-output>
        </test-method> <!-- obtenerMontoTarifaPrepagoNormal -->
        <test-method is-config="true" signature="init()[pri:0, instance:casosDeUsoTest.ObtenerMontoTarifaTest@7cd4a4d7]" started-at="2020-11-17T18:08:12 BOT" name="init" finished-at="2020-11-17T18:08:12 BOT" duration-ms="0" status="PASS">
          <reporter-output>
          </reporter-output>
        </test-method> <!-- init -->
        <test-method is-config="true" signature="initTarifaPrepagoNormal()[pri:0, instance:casosDeUsoTest.ObtenerMontoTarifaTest@7cd4a4d7]" started-at="2020-11-17T18:08:12 BOT" name="initTarifaPrepagoNormal" finished-at="2020-11-17T18:08:12 BOT" duration-ms="0" status="PASS">
          <reporter-output>
          </reporter-output>
        </test-method> <!-- initTarifaPrepagoNormal -->
        <test-method signature="obtenerMontoTarifaPrepagoReducida()[pri:0, instance:casosDeUsoTest.ObtenerMontoTarifaTest@7cd4a4d7]" started-at="2020-11-17T18:08:12 BOT" name="obtenerMontoTarifaPrepagoReducida" finished-at="2020-11-17T18:08:12 BOT" duration-ms="0" status="PASS">
          <reporter-output>
          </reporter-output>
        </test-method> <!-- obtenerMontoTarifaPrepagoReducida -->
        <test-method is-config="true" signature="initTarifaPrepagoReducida()[pri:0, instance:casosDeUsoTest.ObtenerMontoTarifaTest@7cd4a4d7]" started-at="2020-11-17T18:08:12 BOT" name="initTarifaPrepagoReducida" finished-at="2020-11-17T18:08:12 BOT" duration-ms="0" status="PASS">
          <reporter-output>
          </reporter-output>
        </test-method> <!-- initTarifaPrepagoReducida -->
        <test-method is-config="true" signature="initTarifaPrepagoSuperReducida()[pri:0, instance:casosDeUsoTest.ObtenerMontoTarifaTest@7cd4a4d7]" started-at="2020-11-17T18:08:12 BOT" name="initTarifaPrepagoSuperReducida" finished-at="2020-11-17T18:08:12 BOT" duration-ms="0" status="PASS">
          <reporter-output>
          </reporter-output>
        </test-method> <!-- initTarifaPrepagoSuperReducida -->
        <test-method is-config="true" signature="initTarifaPrepagoSuperReducida()[pri:0, instance:casosDeUsoTest.ObtenerMontoTarifaTest@7cd4a4d7]" started-at="2020-11-17T18:08:12 BOT" name="initTarifaPrepagoSuperReducida" finished-at="2020-11-17T18:08:12 BOT" duration-ms="0" status="PASS">
          <reporter-output>
          </reporter-output>
        </test-method> <!-- initTarifaPrepagoSuperReducida -->
        <test-method is-config="true" signature="init()[pri:0, instance:casosDeUsoTest.ObtenerMontoTarifaTest@7cd4a4d7]" started-at="2020-11-17T18:08:12 BOT" name="init" finished-at="2020-11-17T18:08:12 BOT" duration-ms="0" status="PASS">
          <reporter-output>
          </reporter-output>
        </test-method> <!-- init -->
        <test-method signature="obtenerMontoTarifaPrepagoSuperReducida()[pri:0, instance:casosDeUsoTest.ObtenerMontoTarifaTest@7cd4a4d7]" started-at="2020-11-17T18:08:12 BOT" name="obtenerMontoTarifaPrepagoSuperReducida" finished-at="2020-11-17T18:08:12 BOT" duration-ms="1" status="PASS">
          <reporter-output>
          </reporter-output>
        </test-method> <!-- obtenerMontoTarifaPrepagoSuperReducida -->
        <test-method is-config="true" signature="initTarifaPrepagoReducida()[pri:0, instance:casosDeUsoTest.ObtenerMontoTarifaTest@7cd4a4d7]" started-at="2020-11-17T18:08:12 BOT" name="initTarifaPrepagoReducida" finished-at="2020-11-17T18:08:12 BOT" duration-ms="0" status="PASS">
          <reporter-output>
          </reporter-output>
        </test-method> <!-- initTarifaPrepagoReducida -->
        <test-method is-config="true" signature="initTarifaPrepagoNormal()[pri:0, instance:casosDeUsoTest.ObtenerMontoTarifaTest@7cd4a4d7]" started-at="2020-11-17T18:08:12 BOT" name="initTarifaPrepagoNormal" finished-at="2020-11-17T18:08:12 BOT" duration-ms="0" status="PASS">
          <reporter-output>
          </reporter-output>
        </test-method> <!-- initTarifaPrepagoNormal -->
        <test-method is-config="true" signature="init()[pri:0, instance:casosDeUsoTest.ObtenerMontoTarifaTest@7cd4a4d7]" started-at="2020-11-17T18:08:12 BOT" name="init" finished-at="2020-11-17T18:08:12 BOT" duration-ms="0" status="PASS">
          <reporter-output>
          </reporter-output>
        </test-method> <!-- init -->
        <test-method signature="obtenerMontoTarifaWow()[pri:0, instance:casosDeUsoTest.ObtenerMontoTarifaTest@7cd4a4d7]" started-at="2020-11-17T18:08:12 BOT" name="obtenerMontoTarifaWow" finished-at="2020-11-17T18:08:12 BOT" duration-ms="0" status="PASS">
          <reporter-output>
          </reporter-output>
        </test-method> <!-- obtenerMontoTarifaWow -->
        <test-method is-config="true" signature="initTarifaPrepagoReducida()[pri:0, instance:casosDeUsoTest.ObtenerMontoTarifaTest@7cd4a4d7]" started-at="2020-11-17T18:08:12 BOT" name="initTarifaPrepagoReducida" finished-at="2020-11-17T18:08:12 BOT" duration-ms="0" status="PASS">
          <reporter-output>
          </reporter-output>
        </test-method> <!-- initTarifaPrepagoReducida -->
        <test-method is-config="true" signature="initTarifaPrepagoNormal()[pri:0, instance:casosDeUsoTest.ObtenerMontoTarifaTest@7cd4a4d7]" started-at="2020-11-17T18:08:12 BOT" name="initTarifaPrepagoNormal" finished-at="2020-11-17T18:08:12 BOT" duration-ms="0" status="PASS">
          <reporter-output>
          </reporter-output>
        </test-method> <!-- initTarifaPrepagoNormal -->
        <test-method is-config="true" signature="initTarifaPrepagoSuperReducida()[pri:0, instance:casosDeUsoTest.ObtenerMontoTarifaTest@7cd4a4d7]" started-at="2020-11-17T18:08:12 BOT" name="initTarifaPrepagoSuperReducida" finished-at="2020-11-17T18:08:12 BOT" duration-ms="0" status="PASS">
          <reporter-output>
          </reporter-output>
        </test-method> <!-- initTarifaPrepagoSuperReducida -->
      </class> <!-- casosDeUsoTest.ObtenerMontoTarifaTest -->
      <class name="controladoresTest.ControladorCargaCDRsTest">
        <test-method is-config="true" signature="beforeClass()[pri:0, instance:controladoresTest.ControladorCargaCDRsTest@47ffe971]" started-at="2020-11-17T18:08:22 BOT" name="beforeClass" finished-at="2020-11-17T18:08:22 BOT" duration-ms="17" status="PASS">
          <reporter-output>
          </reporter-output>
        </test-method> <!-- beforeClass -->
        <test-method signature="getRegistrosCargados()[pri:0, instance:controladoresTest.ControladorCargaCDRsTest@47ffe971]" started-at="2020-11-17T18:08:22 BOT" name="getRegistrosCargados" finished-at="2020-11-17T18:08:23 BOT" duration-ms="876" status="PASS">
          <reporter-output>
          </reporter-output>
        </test-method> <!-- getRegistrosCargados -->
        <test-method signature="postApiSubmit()[pri:0, instance:controladoresTest.ControladorCargaCDRsTest@47ffe971]" started-at="2020-11-17T18:08:23 BOT" name="postApiSubmit" finished-at="2020-11-17T18:08:24 BOT" duration-ms="427" status="PASS">
          <reporter-output>
          </reporter-output>
        </test-method> <!-- postApiSubmit -->
        <test-method signature="postApiSubmitSinArchivo()[pri:0, instance:controladoresTest.ControladorCargaCDRsTest@47ffe971]" started-at="2020-11-17T18:08:24 BOT" name="postApiSubmitSinArchivo" finished-at="2020-11-17T18:08:24 BOT" duration-ms="25" status="PASS">
          <reporter-output>
          </reporter-output>
        </test-method> <!-- postApiSubmitSinArchivo -->
      </class> <!-- controladoresTest.ControladorCargaCDRsTest -->
      <class name="repositoriosTest.FactoriaPlanTest">
        <test-method is-config="true" signature="beforeMethod()[pri:0, instance:repositoriosTest.FactoriaPlanTest@15383681]" started-at="2020-11-17T18:08:30 BOT" name="beforeMethod" finished-at="2020-11-17T18:08:30 BOT" duration-ms="0" status="PASS">
          <reporter-output>
          </reporter-output>
        </test-method> <!-- beforeMethod -->
        <test-method signature="getPlanNull()[pri:0, instance:repositoriosTest.FactoriaPlanTest@15383681]" started-at="2020-11-17T18:08:30 BOT" name="getPlanNull" finished-at="2020-11-17T18:08:30 BOT" duration-ms="0" status="PASS">
          <reporter-output>
          </reporter-output>
        </test-method> <!-- getPlanNull -->
        <test-method signature="getPlanPostpago()[pri:0, instance:repositoriosTest.FactoriaPlanTest@15383681]" started-at="2020-11-17T18:08:30 BOT" name="getPlanPostpago" finished-at="2020-11-17T18:08:30 BOT" duration-ms="1" status="PASS">
          <reporter-output>
          </reporter-output>
        </test-method> <!-- getPlanPostpago -->
        <test-method signature="getPlanNull2()[pri:0, instance:repositoriosTest.FactoriaPlanTest@15383681]" started-at="2020-11-17T18:08:30 BOT" name="getPlanNull2" finished-at="2020-11-17T18:08:30 BOT" duration-ms="0" status="PASS">
          <reporter-output>
          </reporter-output>
        </test-method> <!-- getPlanNull2 -->
        <test-method is-config="true" signature="beforeMethod()[pri:0, instance:repositoriosTest.FactoriaPlanTest@15383681]" started-at="2020-11-17T18:08:30 BOT" name="beforeMethod" finished-at="2020-11-17T18:08:30 BOT" duration-ms="0" status="PASS">
          <reporter-output>
          </reporter-output>
        </test-method> <!-- beforeMethod -->
        <test-method is-config="true" signature="beforeMethod()[pri:0, instance:repositoriosTest.FactoriaPlanTest@15383681]" started-at="2020-11-17T18:08:30 BOT" name="beforeMethod" finished-at="2020-11-17T18:08:30 BOT" duration-ms="0" status="PASS">
          <reporter-output>
          </reporter-output>
        </test-method> <!-- beforeMethod -->
        <test-method is-config="true" signature="beforeMethod()[pri:0, instance:repositoriosTest.FactoriaPlanTest@15383681]" started-at="2020-11-17T18:08:30 BOT" name="beforeMethod" finished-at="2020-11-17T18:08:30 BOT" duration-ms="1" status="PASS">
          <reporter-output>
          </reporter-output>
        </test-method> <!-- beforeMethod -->
        <test-method signature="getPlanPrepago()[pri:0, instance:repositoriosTest.FactoriaPlanTest@15383681]" started-at="2020-11-17T18:08:30 BOT" name="getPlanPrepago" finished-at="2020-11-17T18:08:30 BOT" duration-ms="0" status="PASS">
          <reporter-output>
          </reporter-output>
        </test-method> <!-- getPlanPrepago -->
        <test-method is-config="true" signature="beforeMethod()[pri:0, instance:repositoriosTest.FactoriaPlanTest@15383681]" started-at="2020-11-17T18:08:30 BOT" name="beforeMethod" finished-at="2020-11-17T18:08:30 BOT" duration-ms="0" status="PASS">
          <reporter-output>
          </reporter-output>
        </test-method> <!-- beforeMethod -->
        <test-method signature="getPlanWOW()[pri:0, instance:repositoriosTest.FactoriaPlanTest@15383681]" started-at="2020-11-17T18:08:30 BOT" name="getPlanWOW" finished-at="2020-11-17T18:08:30 BOT" duration-ms="0" status="PASS">
          <reporter-output>
          </reporter-output>
        </test-method> <!-- getPlanWOW -->
      </class> <!-- repositoriosTest.FactoriaPlanTest -->
      <class name="controladoresTest.ControladorCDRBDTest">
        <test-method is-config="true" signature="initControlador()[pri:0, instance:controladoresTest.ControladorCDRBDTest@7d04529c]" started-at="2020-11-17T18:08:24 BOT" name="initControlador" finished-at="2020-11-17T18:08:24 BOT" duration-ms="227" status="PASS">
          <reporter-output>
          </reporter-output>
        </test-method> <!-- initControlador -->
        <test-method is-config="true" signature="initGuardarRegistrosEnBD()[pri:0, instance:controladoresTest.ControladorCDRBDTest@7d04529c]" started-at="2020-11-17T18:08:24 BOT" name="initGuardarRegistrosEnBD" finished-at="2020-11-17T18:08:24 BOT" duration-ms="401" status="PASS">
          <reporter-output>
          </reporter-output>
        </test-method> <!-- initGuardarRegistrosEnBD -->
        <test-method signature="cdrGuardadoBDTest()[pri:0, instance:controladoresTest.ControladorCDRBDTest@7d04529c]" started-at="2020-11-17T18:08:24 BOT" name="cdrGuardadoBDTest" finished-at="2020-11-17T18:08:24 BOT" duration-ms="8" status="PASS">
          <reporter-output>
          </reporter-output>
        </test-method> <!-- cdrGuardadoBDTest -->
        <test-method is-config="true" signature="emptyRepositorio()[pri:0, instance:controladoresTest.ControladorCDRBDTest@7d04529c]" started-at="2020-11-17T18:08:24 BOT" name="emptyRepositorio" finished-at="2020-11-17T18:08:24 BOT" duration-ms="0" status="PASS">
          <reporter-output>
          </reporter-output>
        </test-method> <!-- emptyRepositorio -->
        <test-method is-config="true" signature="initGuardarRegistrosEnBD()[pri:0, instance:controladoresTest.ControladorCDRBDTest@7d04529c]" started-at="2020-11-17T18:08:24 BOT" name="initGuardarRegistrosEnBD" finished-at="2020-11-17T18:08:25 BOT" duration-ms="315" status="PASS">
          <reporter-output>
          </reporter-output>
        </test-method> <!-- initGuardarRegistrosEnBD -->
        <test-method signature="filtroPorFechaTest()[pri:0, instance:controladoresTest.ControladorCDRBDTest@7d04529c]" started-at="2020-11-17T18:08:25 BOT" name="filtroPorFechaTest" finished-at="2020-11-17T18:08:25 BOT" duration-ms="16" status="PASS">
          <reporter-output>
          </reporter-output>
        </test-method> <!-- filtroPorFechaTest -->
        <test-method is-config="true" signature="endTest()[pri:0, instance:controladoresTest.ControladorCDRBDTest@7d04529c]" started-at="2020-11-17T18:08:25 BOT" name="endTest" finished-at="2020-11-17T18:08:25 BOT" duration-ms="343" status="PASS">
          <reporter-output>
          </reporter-output>
        </test-method> <!-- endTest -->
        <test-method is-config="true" signature="emptyRepositorio()[pri:0, instance:controladoresTest.ControladorCDRBDTest@7d04529c]" started-at="2020-11-17T18:08:25 BOT" name="emptyRepositorio" finished-at="2020-11-17T18:08:25 BOT" duration-ms="0" status="PASS">
          <reporter-output>
          </reporter-output>
        </test-method> <!-- emptyRepositorio -->
      </class> <!-- controladoresTest.ControladorCDRBDTest -->
      <class name="casosDeUsoTest.PersistenciaVistasTest">
        <test-method is-config="true" signature="initPersistencia()[pri:0, instance:casosDeUsoTest.PersistenciaVistasTest@68880c21]" started-at="2020-11-17T18:08:15 BOT" name="initPersistencia" finished-at="2020-11-17T18:08:15 BOT" duration-ms="8" status="PASS">
          <reporter-output>
          </reporter-output>
        </test-method> <!-- initPersistencia -->
        <test-method is-config="true" signature="initPersistirEnBD()[pri:0, instance:casosDeUsoTest.PersistenciaVistasTest@68880c21]" started-at="2020-11-17T18:08:15 BOT" name="initPersistirEnBD" finished-at="2020-11-17T18:08:16 BOT" duration-ms="1023" status="PASS">
          <reporter-output>
          </reporter-output>
        </test-method> <!-- initPersistirEnBD -->
        <test-method signature="mostrarPersistenciaAmigosEnBD()[pri:0, instance:casosDeUsoTest.PersistenciaVistasTest@68880c21]" started-at="2020-11-17T18:08:16 BOT" name="mostrarPersistenciaAmigosEnBD" finished-at="2020-11-17T18:08:16 BOT" duration-ms="9" status="PASS">
          <reporter-output>
          </reporter-output>
        </test-method> <!-- mostrarPersistenciaAmigosEnBD -->
        <test-method is-config="true" signature="tearBDs()[pri:0, instance:casosDeUsoTest.PersistenciaVistasTest@68880c21]" started-at="2020-11-17T18:08:16 BOT" name="tearBDs" finished-at="2020-11-17T18:08:16 BOT" duration-ms="484" status="PASS">
          <reporter-output>
          </reporter-output>
        </test-method> <!-- tearBDs -->
        <test-method is-config="true" signature="initPersistirEnBD()[pri:0, instance:casosDeUsoTest.PersistenciaVistasTest@68880c21]" started-at="2020-11-17T18:08:16 BOT" name="initPersistirEnBD" finished-at="2020-11-17T18:08:17 BOT" duration-ms="858" status="PASS">
          <reporter-output>
          </reporter-output>
        </test-method> <!-- initPersistirEnBD -->
        <test-method signature="mostrarPersistenciaCDREnBD()[pri:0, instance:casosDeUsoTest.PersistenciaVistasTest@68880c21]" started-at="2020-11-17T18:08:17 BOT" name="mostrarPersistenciaCDREnBD" finished-at="2020-11-17T18:08:17 BOT" duration-ms="8" status="PASS">
          <reporter-output>
          </reporter-output>
        </test-method> <!-- mostrarPersistenciaCDREnBD -->
        <test-method is-config="true" signature="tearBDs()[pri:0, instance:casosDeUsoTest.PersistenciaVistasTest@68880c21]" started-at="2020-11-17T18:08:17 BOT" name="tearBDs" finished-at="2020-11-17T18:08:18 BOT" duration-ms="464" status="PASS">
          <reporter-output>
          </reporter-output>
        </test-method> <!-- tearBDs -->
        <test-method is-config="true" signature="initPersistirEnBD()[pri:0, instance:casosDeUsoTest.PersistenciaVistasTest@68880c21]" started-at="2020-11-17T18:08:18 BOT" name="initPersistirEnBD" finished-at="2020-11-17T18:08:19 BOT" duration-ms="914" status="PASS">
          <reporter-output>
          </reporter-output>
        </test-method> <!-- initPersistirEnBD -->
        <test-method signature="mostrarPersistenciaCDRFiltroMes()[pri:0, instance:casosDeUsoTest.PersistenciaVistasTest@68880c21]" started-at="2020-11-17T18:08:19 BOT" name="mostrarPersistenciaCDRFiltroMes" finished-at="2020-11-17T18:08:19 BOT" duration-ms="10" status="PASS">
          <reporter-output>
          </reporter-output>
        </test-method> <!-- mostrarPersistenciaCDRFiltroMes -->
        <test-method is-config="true" signature="tearBDs()[pri:0, instance:casosDeUsoTest.PersistenciaVistasTest@68880c21]" started-at="2020-11-17T18:08:19 BOT" name="tearBDs" finished-at="2020-11-17T18:08:19 BOT" duration-ms="336" status="PASS">
          <reporter-output>
          </reporter-output>
        </test-method> <!-- tearBDs -->
        <test-method is-config="true" signature="initPersistirEnBD()[pri:0, instance:casosDeUsoTest.PersistenciaVistasTest@68880c21]" started-at="2020-11-17T18:08:19 BOT" name="initPersistirEnBD" finished-at="2020-11-17T18:08:20 BOT" duration-ms="912" status="PASS">
          <reporter-output>
          </reporter-output>
        </test-method> <!-- initPersistirEnBD -->
        <test-method signature="mostrarPersistenciaClienteEnBD()[pri:0, instance:casosDeUsoTest.PersistenciaVistasTest@68880c21]" started-at="2020-11-17T18:08:20 BOT" name="mostrarPersistenciaClienteEnBD" finished-at="2020-11-17T18:08:20 BOT" duration-ms="8" status="PASS">
          <reporter-output>
          </reporter-output>
        </test-method> <!-- mostrarPersistenciaClienteEnBD -->
        <test-method is-config="true" signature="tearBDs()[pri:0, instance:casosDeUsoTest.PersistenciaVistasTest@68880c21]" started-at="2020-11-17T18:08:20 BOT" name="tearBDs" finished-at="2020-11-17T18:08:20 BOT" duration-ms="359" status="PASS">
          <reporter-output>
          </reporter-output>
        </test-method> <!-- tearBDs -->
      </class> <!-- casosDeUsoTest.PersistenciaVistasTest -->
      <class name="entidadesTest.CDRTest">
        <test-method signature="asignarCostoYConseguirCostoDeLlamadaTest()[pri:0, instance:entidadesTest.CDRTest@10c07b8d]" started-at="2020-11-17T18:08:30 BOT" name="asignarCostoYConseguirCostoDeLlamadaTest" finished-at="2020-11-17T18:08:30 BOT" duration-ms="1" status="PASS">
          <reporter-output>
          </reporter-output>
        </test-method> <!-- asignarCostoYConseguirCostoDeLlamadaTest -->
        <test-method is-config="true" signature="beforeMethod()[pri:0, instance:entidadesTest.CDRTest@10c07b8d]" started-at="2020-11-17T18:08:30 BOT" name="beforeMethod" finished-at="2020-11-17T18:08:30 BOT" duration-ms="0" status="PASS">
          <reporter-output>
          </reporter-output>
        </test-method> <!-- beforeMethod -->
        <test-method is-config="true" signature="beforeMethod()[pri:0, instance:entidadesTest.CDRTest@10c07b8d]" started-at="2020-11-17T18:08:30 BOT" name="beforeMethod" finished-at="2020-11-17T18:08:30 BOT" duration-ms="0" status="PASS">
          <reporter-output>
          </reporter-output>
        </test-method> <!-- beforeMethod -->
        <test-method signature="calcularElCostoDeLlamadaTest()[pri:0, instance:entidadesTest.CDRTest@10c07b8d]" started-at="2020-11-17T18:08:30 BOT" name="calcularElCostoDeLlamadaTest" finished-at="2020-11-17T18:08:30 BOT" duration-ms="0" status="PASS">
          <reporter-output>
          </reporter-output>
        </test-method> <!-- calcularElCostoDeLlamadaTest -->
        <test-method signature="conseguirDuracionDeLlamadaTest()[pri:0, instance:entidadesTest.CDRTest@10c07b8d]" started-at="2020-11-17T18:08:30 BOT" name="conseguirDuracionDeLlamadaTest" finished-at="2020-11-17T18:08:30 BOT" duration-ms="0" status="PASS">
          <reporter-output>
          </reporter-output>
        </test-method> <!-- conseguirDuracionDeLlamadaTest -->
        <test-method is-config="true" signature="beforeMethod()[pri:0, instance:entidadesTest.CDRTest@10c07b8d]" started-at="2020-11-17T18:08:30 BOT" name="beforeMethod" finished-at="2020-11-17T18:08:30 BOT" duration-ms="0" status="PASS">
          <reporter-output>
          </reporter-output>
        </test-method> <!-- beforeMethod -->
        <test-method signature="conseguirFechaDeLlamadaTest()[pri:0, instance:entidadesTest.CDRTest@10c07b8d]" started-at="2020-11-17T18:08:30 BOT" name="conseguirFechaDeLlamadaTest" finished-at="2020-11-17T18:08:30 BOT" duration-ms="0" status="PASS">
          <reporter-output>
          </reporter-output>
        </test-method> <!-- conseguirFechaDeLlamadaTest -->
        <test-method is-config="true" signature="beforeMethod()[pri:0, instance:entidadesTest.CDRTest@10c07b8d]" started-at="2020-11-17T18:08:30 BOT" name="beforeMethod" finished-at="2020-11-17T18:08:30 BOT" duration-ms="1" status="PASS">
          <reporter-output>
          </reporter-output>
        </test-method> <!-- beforeMethod -->
        <test-method is-config="true" signature="beforeMethod()[pri:0, instance:entidadesTest.CDRTest@10c07b8d]" started-at="2020-11-17T18:08:30 BOT" name="beforeMethod" finished-at="2020-11-17T18:08:30 BOT" duration-ms="0" status="PASS">
          <reporter-output>
          </reporter-output>
        </test-method> <!-- beforeMethod -->
        <test-method is-config="true" signature="beforeMethod()[pri:0, instance:entidadesTest.CDRTest@10c07b8d]" started-at="2020-11-17T18:08:30 BOT" name="beforeMethod" finished-at="2020-11-17T18:08:30 BOT" duration-ms="0" status="PASS">
          <reporter-output>
          </reporter-output>
        </test-method> <!-- beforeMethod -->
        <test-method signature="conseguirHoraDeLlamadaTest()[pri:0, instance:entidadesTest.CDRTest@10c07b8d]" started-at="2020-11-17T18:08:30 BOT" name="conseguirHoraDeLlamadaTest" finished-at="2020-11-17T18:08:30 BOT" duration-ms="0" status="PASS">
          <reporter-output>
          </reporter-output>
        </test-method> <!-- conseguirHoraDeLlamadaTest -->
        <test-method signature="conseguirNumeroDeTelefonoDeDestinoTest()[pri:0, instance:entidadesTest.CDRTest@10c07b8d]" started-at="2020-11-17T18:08:30 BOT" name="conseguirNumeroDeTelefonoDeDestinoTest" finished-at="2020-11-17T18:08:30 BOT" duration-ms="0" status="PASS">
          <reporter-output>
          </reporter-output>
        </test-method> <!-- conseguirNumeroDeTelefonoDeDestinoTest -->
        <test-method signature="conseguirNumeroDeTelefonoDeOrigenTest()[pri:0, instance:entidadesTest.CDRTest@10c07b8d]" started-at="2020-11-17T18:08:30 BOT" name="conseguirNumeroDeTelefonoDeOrigenTest" finished-at="2020-11-17T18:08:30 BOT" duration-ms="0" status="PASS">
          <reporter-output>
          </reporter-output>
        </test-method> <!-- conseguirNumeroDeTelefonoDeOrigenTest -->
        <test-method is-config="true" signature="beforeMethod()[pri:0, instance:entidadesTest.CDRTest@10c07b8d]" started-at="2020-11-17T18:08:30 BOT" name="beforeMethod" finished-at="2020-11-17T18:08:30 BOT" duration-ms="0" status="PASS">
          <reporter-output>
          </reporter-output>
        </test-method> <!-- beforeMethod -->
        <test-method signature="conversiónDeTiempoDeLlamadaADecimalTest()[pri:0, instance:entidadesTest.CDRTest@10c07b8d]" started-at="2020-11-17T18:08:30 BOT" name="conversiónDeTiempoDeLlamadaADecimalTest" finished-at="2020-11-17T18:08:30 BOT" duration-ms="0" status="PASS">
          <reporter-output>
          </reporter-output>
        </test-method> <!-- conversiónDeTiempoDeLlamadaADecimalTest -->
        <test-method is-config="true" signature="beforeMethod()[pri:0, instance:entidadesTest.CDRTest@10c07b8d]" started-at="2020-11-17T18:08:30 BOT" name="beforeMethod" finished-at="2020-11-17T18:08:30 BOT" duration-ms="0" status="PASS">
          <reporter-output>
          </reporter-output>
        </test-method> <!-- beforeMethod -->
      </class> <!-- entidadesTest.CDRTest -->
      <class name="controladoresTest.ControladorClientesTest">
        <test-method is-config="true" signature="initControlador()[pri:0, instance:controladoresTest.ControladorClientesTest@339a3670]" started-at="2020-11-17T18:08:27 BOT" name="initControlador" finished-at="2020-11-17T18:08:28 BOT" duration-ms="903" status="PASS">
          <reporter-output>
          </reporter-output>
        </test-method> <!-- initControlador -->
        <test-method signature="getClientes()[pri:0, instance:controladoresTest.ControladorClientesTest@339a3670]" started-at="2020-11-17T18:08:28 BOT" name="getClientes" finished-at="2020-11-17T18:08:28 BOT" duration-ms="26" status="PASS">
          <reporter-output>
          </reporter-output>
        </test-method> <!-- getClientes -->
        <test-method signature="recuperarClientesAmigosTest()[pri:0, instance:controladoresTest.ControladorClientesTest@339a3670]" started-at="2020-11-17T18:08:28 BOT" name="recuperarClientesAmigosTest" finished-at="2020-11-17T18:08:28 BOT" duration-ms="2" status="PASS">
          <reporter-output>
          </reporter-output>
        </test-method> <!-- recuperarClientesAmigosTest -->
        <test-method signature="recuperarClientesTest()[pri:0, instance:controladoresTest.ControladorClientesTest@339a3670]" started-at="2020-11-17T18:08:28 BOT" name="recuperarClientesTest" finished-at="2020-11-17T18:08:28 BOT" duration-ms="2" status="PASS">
          <reporter-output>
          </reporter-output>
        </test-method> <!-- recuperarClientesTest -->
        <test-method is-config="true" signature="endTest()[pri:0, instance:controladoresTest.ControladorClientesTest@339a3670]" started-at="2020-11-17T18:08:28 BOT" name="endTest" finished-at="2020-11-17T18:08:28 BOT" duration-ms="314" status="PASS">
          <reporter-output>
          </reporter-output>
        </test-method> <!-- endTest -->
      </class> <!-- controladoresTest.ControladorClientesTest -->
      <class name="casosDeUsoTest.TarificacionTest">
        <test-method is-config="true" signature="init()[pri:0, instance:casosDeUsoTest.TarificacionTest@6f3e19b3]" started-at="2020-11-17T18:08:22 BOT" name="init" finished-at="2020-11-17T18:08:22 BOT" duration-ms="1" status="PASS">
          <reporter-output>
          </reporter-output>
        </test-method> <!-- init -->
        <test-method is-config="true" signature="init()[pri:0, instance:casosDeUsoTest.TarificacionTest@6f3e19b3]" started-at="2020-11-17T18:08:22 BOT" name="init" finished-at="2020-11-17T18:08:22 BOT" duration-ms="1" status="PASS">
          <reporter-output>
          </reporter-output>
        </test-method> <!-- init -->
        <test-method is-config="true" signature="initTarificacionRegistrosTest()[pri:0, instance:casosDeUsoTest.TarificacionTest@6f3e19b3]" started-at="2020-11-17T18:08:22 BOT" name="initTarificacionRegistrosTest" finished-at="2020-11-17T18:08:22 BOT" duration-ms="0" status="PASS">
          <reporter-output>
          </reporter-output>
        </test-method> <!-- initTarificacionRegistrosTest -->
        <test-method is-config="true" signature="initNoEstaTarificadoPathTest()[pri:0, instance:casosDeUsoTest.TarificacionTest@6f3e19b3]" started-at="2020-11-17T18:08:22 BOT" name="initNoEstaTarificadoPathTest" finished-at="2020-11-17T18:08:22 BOT" duration-ms="0" status="PASS">
          <reporter-output>
          </reporter-output>
        </test-method> <!-- initNoEstaTarificadoPathTest -->
        <test-method signature="CDRNoTarificadoTest()[pri:0, instance:casosDeUsoTest.TarificacionTest@6f3e19b3]" started-at="2020-11-17T18:08:22 BOT" name="CDRNoTarificadoTest" finished-at="2020-11-17T18:08:22 BOT" duration-ms="0" status="PASS">
          <reporter-output>
          </reporter-output>
        </test-method> <!-- CDRNoTarificadoTest -->
        <test-method is-config="true" signature="initTarificacionRegistrosTest()[pri:0, instance:casosDeUsoTest.TarificacionTest@6f3e19b3]" started-at="2020-11-17T18:08:22 BOT" name="initTarificacionRegistrosTest" finished-at="2020-11-17T18:08:22 BOT" duration-ms="0" status="PASS">
          <reporter-output>
          </reporter-output>
        </test-method> <!-- initTarificacionRegistrosTest -->
        <test-method is-config="true" signature="initNoEstaTarificadoPathTest()[pri:0, instance:casosDeUsoTest.TarificacionTest@6f3e19b3]" started-at="2020-11-17T18:08:22 BOT" name="initNoEstaTarificadoPathTest" finished-at="2020-11-17T18:08:22 BOT" duration-ms="0" status="PASS">
          <reporter-output>
          </reporter-output>
        </test-method> <!-- initNoEstaTarificadoPathTest -->
        <test-method signature="CDRTarificadoTest()[pri:0, instance:casosDeUsoTest.TarificacionTest@6f3e19b3]" started-at="2020-11-17T18:08:22 BOT" name="CDRTarificadoTest" finished-at="2020-11-17T18:08:22 BOT" duration-ms="0" status="PASS">
          <reporter-output>
          </reporter-output>
        </test-method> <!-- CDRTarificadoTest -->
        <test-method signature="tarificarRegistroTest()[pri:0, instance:casosDeUsoTest.TarificacionTest@6f3e19b3]" started-at="2020-11-17T18:08:22 BOT" name="tarificarRegistroTest" finished-at="2020-11-17T18:08:22 BOT" duration-ms="0" status="PASS">
          <reporter-output>
          </reporter-output>
        </test-method> <!-- tarificarRegistroTest -->
        <test-method is-config="true" signature="initNoEstaTarificadoPathTest()[pri:0, instance:casosDeUsoTest.TarificacionTest@6f3e19b3]" started-at="2020-11-17T18:08:22 BOT" name="initNoEstaTarificadoPathTest" finished-at="2020-11-17T18:08:22 BOT" duration-ms="0" status="PASS">
          <reporter-output>
          </reporter-output>
        </test-method> <!-- initNoEstaTarificadoPathTest -->
        <test-method is-config="true" signature="initTarificacionRegistrosTest()[pri:0, instance:casosDeUsoTest.TarificacionTest@6f3e19b3]" started-at="2020-11-17T18:08:22 BOT" name="initTarificacionRegistrosTest" finished-at="2020-11-17T18:08:22 BOT" duration-ms="0" status="PASS">
          <reporter-output>
          </reporter-output>
        </test-method> <!-- initTarificacionRegistrosTest -->
        <test-method is-config="true" signature="init()[pri:0, instance:casosDeUsoTest.TarificacionTest@6f3e19b3]" started-at="2020-11-17T18:08:22 BOT" name="init" finished-at="2020-11-17T18:08:22 BOT" duration-ms="0" status="PASS">
          <reporter-output>
          </reporter-output>
        </test-method> <!-- init -->
        <test-method is-config="true" signature="init()[pri:0, instance:casosDeUsoTest.TarificacionTest@6f3e19b3]" started-at="2020-11-17T18:08:22 BOT" name="init" finished-at="2020-11-17T18:08:22 BOT" duration-ms="0" status="PASS">
          <reporter-output>
          </reporter-output>
        </test-method> <!-- init -->
        <test-method is-config="true" signature="initTarificacionRegistrosTest()[pri:0, instance:casosDeUsoTest.TarificacionTest@6f3e19b3]" started-at="2020-11-17T18:08:22 BOT" name="initTarificacionRegistrosTest" finished-at="2020-11-17T18:08:22 BOT" duration-ms="0" status="PASS">
          <reporter-output>
          </reporter-output>
        </test-method> <!-- initTarificacionRegistrosTest -->
        <test-method signature="tarificarRegistrosTest()[pri:0, instance:casosDeUsoTest.TarificacionTest@6f3e19b3]" started-at="2020-11-17T18:08:22 BOT" name="tarificarRegistrosTest" finished-at="2020-11-17T18:08:22 BOT" duration-ms="1" status="PASS">
          <reporter-output>
          </reporter-output>
        </test-method> <!-- tarificarRegistrosTest -->
        <test-method is-config="true" signature="initNoEstaTarificadoPathTest()[pri:0, instance:casosDeUsoTest.TarificacionTest@6f3e19b3]" started-at="2020-11-17T18:08:22 BOT" name="initNoEstaTarificadoPathTest" finished-at="2020-11-17T18:08:22 BOT" duration-ms="0" status="PASS">
          <reporter-output>
          </reporter-output>
        </test-method> <!-- initNoEstaTarificadoPathTest -->
      </class> <!-- casosDeUsoTest.TarificacionTest -->
      <class name="repositoriosTest.PersistenciaBDClientesTest">
        <test-method signature="crearTablaClientesYNumerosAmigos()[pri:0, instance:repositoriosTest.PersistenciaBDClientesTest@2241f05b]" started-at="2020-11-17T18:08:34 BOT" name="crearTablaClientesYNumerosAmigos" finished-at="2020-11-17T18:08:34 BOT" duration-ms="9" status="PASS">
          <reporter-output>
          </reporter-output>
        </test-method> <!-- crearTablaClientesYNumerosAmigos -->
        <test-method is-config="true" signature="beforeMethod()[pri:0, instance:repositoriosTest.PersistenciaBDClientesTest@2241f05b]" started-at="2020-11-17T18:08:34 BOT" name="beforeMethod" finished-at="2020-11-17T18:08:34 BOT" duration-ms="0" status="PASS">
          <reporter-output>
          </reporter-output>
        </test-method> <!-- beforeMethod -->
        <test-method is-config="true" signature="afterMethod()[pri:0, instance:repositoriosTest.PersistenciaBDClientesTest@2241f05b]" started-at="2020-11-17T18:08:34 BOT" name="afterMethod" finished-at="2020-11-17T18:08:34 BOT" duration-ms="211" status="PASS">
          <reporter-output>
          </reporter-output>
        </test-method> <!-- afterMethod -->
        <test-method signature="mostrarTablaDeClientes()[pri:0, instance:repositoriosTest.PersistenciaBDClientesTest@2241f05b]" started-at="2020-11-17T18:08:34 BOT" name="mostrarTablaDeClientes" finished-at="2020-11-17T18:08:34 BOT" duration-ms="118" status="PASS">
          <reporter-output>
          </reporter-output>
        </test-method> <!-- mostrarTablaDeClientes -->
        <test-method is-config="true" signature="beforeMethod()[pri:0, instance:repositoriosTest.PersistenciaBDClientesTest@2241f05b]" started-at="2020-11-17T18:08:34 BOT" name="beforeMethod" finished-at="2020-11-17T18:08:34 BOT" duration-ms="0" status="PASS">
          <reporter-output>
          </reporter-output>
        </test-method> <!-- beforeMethod -->
        <test-method is-config="true" signature="afterMethod()[pri:0, instance:repositoriosTest.PersistenciaBDClientesTest@2241f05b]" started-at="2020-11-17T18:08:34 BOT" name="afterMethod" finished-at="2020-11-17T18:08:34 BOT" duration-ms="193" status="PASS">
          <reporter-output>
          </reporter-output>
        </test-method> <!-- afterMethod -->
        <test-method is-config="true" signature="beforeMethod()[pri:0, instance:repositoriosTest.PersistenciaBDClientesTest@2241f05b]" started-at="2020-11-17T18:08:34 BOT" name="beforeMethod" finished-at="2020-11-17T18:08:34 BOT" duration-ms="0" status="PASS">
          <reporter-output>
          </reporter-output>
        </test-method> <!-- beforeMethod -->
        <test-method signature="mostrarTablaDeNumerosAmigos()[pri:0, instance:repositoriosTest.PersistenciaBDClientesTest@2241f05b]" started-at="2020-11-17T18:08:34 BOT" name="mostrarTablaDeNumerosAmigos" finished-at="2020-11-17T18:08:34 BOT" duration-ms="203" status="PASS">
          <reporter-output>
          </reporter-output>
        </test-method> <!-- mostrarTablaDeNumerosAmigos -->
        <test-method is-config="true" signature="afterMethod()[pri:0, instance:repositoriosTest.PersistenciaBDClientesTest@2241f05b]" started-at="2020-11-17T18:08:34 BOT" name="afterMethod" finished-at="2020-11-17T18:08:35 BOT" duration-ms="214" status="PASS">
          <reporter-output>
          </reporter-output>
        </test-method> <!-- afterMethod -->
        <test-method is-config="true" signature="beforeMethod()[pri:0, instance:repositoriosTest.PersistenciaBDClientesTest@2241f05b]" started-at="2020-11-17T18:08:35 BOT" name="beforeMethod" finished-at="2020-11-17T18:08:35 BOT" duration-ms="0" status="PASS">
          <reporter-output>
          </reporter-output>
        </test-method> <!-- beforeMethod -->
        <test-method signature="poblarTablaDeClientes()[pri:0, instance:repositoriosTest.PersistenciaBDClientesTest@2241f05b]" started-at="2020-11-17T18:08:35 BOT" name="poblarTablaDeClientes" finished-at="2020-11-17T18:08:35 BOT" duration-ms="111" status="PASS">
          <reporter-output>
          </reporter-output>
        </test-method> <!-- poblarTablaDeClientes -->
        <test-method is-config="true" signature="afterMethod()[pri:0, instance:repositoriosTest.PersistenciaBDClientesTest@2241f05b]" started-at="2020-11-17T18:08:35 BOT" name="afterMethod" finished-at="2020-11-17T18:08:35 BOT" duration-ms="222" status="PASS">
          <reporter-output>
          </reporter-output>
        </test-method> <!-- afterMethod -->
        <test-method is-config="true" signature="beforeMethod()[pri:0, instance:repositoriosTest.PersistenciaBDClientesTest@2241f05b]" started-at="2020-11-17T18:08:35 BOT" name="beforeMethod" finished-at="2020-11-17T18:08:35 BOT" duration-ms="0" status="PASS">
          <reporter-output>
          </reporter-output>
        </test-method> <!-- beforeMethod -->
        <test-method signature="poblarTablaDeNumerosDeAmigos()[pri:0, instance:repositoriosTest.PersistenciaBDClientesTest@2241f05b]" started-at="2020-11-17T18:08:35 BOT" name="poblarTablaDeNumerosDeAmigos" finished-at="2020-11-17T18:08:35 BOT" duration-ms="107" status="PASS">
          <reporter-output>
          </reporter-output>
        </test-method> <!-- poblarTablaDeNumerosDeAmigos -->
        <test-method is-config="true" signature="afterMethod()[pri:0, instance:repositoriosTest.PersistenciaBDClientesTest@2241f05b]" started-at="2020-11-17T18:08:35 BOT" name="afterMethod" finished-at="2020-11-17T18:08:35 BOT" duration-ms="240" status="PASS">
          <reporter-output>
          </reporter-output>
        </test-method> <!-- afterMethod -->
      </class> <!-- repositoriosTest.PersistenciaBDClientesTest -->
      <class name="repositoriosTest.PersistenciaBDCDRTest">
        <test-method signature="borrarDatos()[pri:0, instance:repositoriosTest.PersistenciaBDCDRTest@109a2025]" started-at="2020-11-17T18:08:33 BOT" name="borrarDatos" finished-at="2020-11-17T18:08:33 BOT" duration-ms="103" status="PASS">
          <reporter-output>
          </reporter-output>
        </test-method> <!-- borrarDatos -->
        <test-method is-config="true" signature="beforeMethod()[pri:0, instance:repositoriosTest.PersistenciaBDCDRTest@109a2025]" started-at="2020-11-17T18:08:33 BOT" name="beforeMethod" finished-at="2020-11-17T18:08:33 BOT" duration-ms="0" status="PASS">
          <reporter-output>
          </reporter-output>
        </test-method> <!-- beforeMethod -->
        <test-method signature="crearTabla()[pri:0, instance:repositoriosTest.PersistenciaBDCDRTest@109a2025]" started-at="2020-11-17T18:08:33 BOT" name="crearTabla" finished-at="2020-11-17T18:08:34 BOT" duration-ms="13" status="PASS">
          <reporter-output>
          </reporter-output>
        </test-method> <!-- crearTabla -->
        <test-method is-config="true" signature="beforeMethod()[pri:0, instance:repositoriosTest.PersistenciaBDCDRTest@109a2025]" started-at="2020-11-17T18:08:33 BOT" name="beforeMethod" finished-at="2020-11-17T18:08:33 BOT" duration-ms="0" status="PASS">
          <reporter-output>
          </reporter-output>
        </test-method> <!-- beforeMethod -->
        <test-method is-config="true" signature="beforeMethod()[pri:0, instance:repositoriosTest.PersistenciaBDCDRTest@109a2025]" started-at="2020-11-17T18:08:34 BOT" name="beforeMethod" finished-at="2020-11-17T18:08:34 BOT" duration-ms="0" status="PASS">
          <reporter-output>
          </reporter-output>
        </test-method> <!-- beforeMethod -->
        <test-method signature="mostrarTabla()[pri:0, instance:repositoriosTest.PersistenciaBDCDRTest@109a2025]" started-at="2020-11-17T18:08:34 BOT" name="mostrarTabla" finished-at="2020-11-17T18:08:34 BOT" duration-ms="2" status="PASS">
          <reporter-output>
          </reporter-output>
        </test-method> <!-- mostrarTabla -->
        <test-method is-config="true" signature="beforeMethod()[pri:0, instance:repositoriosTest.PersistenciaBDCDRTest@109a2025]" started-at="2020-11-17T18:08:34 BOT" name="beforeMethod" finished-at="2020-11-17T18:08:34 BOT" duration-ms="0" status="PASS">
          <reporter-output>
          </reporter-output>
        </test-method> <!-- beforeMethod -->
        <test-method signature="poblarTabla()[pri:0, instance:repositoriosTest.PersistenciaBDCDRTest@109a2025]" started-at="2020-11-17T18:08:34 BOT" name="poblarTabla" finished-at="2020-11-17T18:08:34 BOT" duration-ms="111" status="PASS">
          <reporter-output>
          </reporter-output>
        </test-method> <!-- poblarTabla -->
      </class> <!-- repositoriosTest.PersistenciaBDCDRTest -->
      <class name="casosDeUsoTest.CalculadorCostoLlamadaTest">
        <test-method is-config="true" signature="beforeMethod()[pri:0, instance:casosDeUsoTest.CalculadorCostoLlamadaTest@59ed3e6c]" started-at="2020-11-17T18:08:12 BOT" name="beforeMethod" finished-at="2020-11-17T18:08:12 BOT" duration-ms="3" status="PASS">
          <reporter-output>
          </reporter-output>
        </test-method> <!-- beforeMethod -->
        <test-method signature="asignarCostoYConseguirCostoDeLlamadaCasoCalculosimpleTest()[pri:0, instance:casosDeUsoTest.CalculadorCostoLlamadaTest@59ed3e6c]" started-at="2020-11-17T18:08:12 BOT" name="asignarCostoYConseguirCostoDeLlamadaCasoCalculosimpleTest" finished-at="2020-11-17T18:08:12 BOT" duration-ms="21" status="PASS">
          <reporter-output>
          </reporter-output>
        </test-method> <!-- asignarCostoYConseguirCostoDeLlamadaCasoCalculosimpleTest -->
        <test-method is-config="true" signature="beforeMethod()[pri:0, instance:casosDeUsoTest.CalculadorCostoLlamadaTest@59ed3e6c]" started-at="2020-11-17T18:08:12 BOT" name="beforeMethod" finished-at="2020-11-17T18:08:12 BOT" duration-ms="0" status="PASS">
          <reporter-output>
          </reporter-output>
        </test-method> <!-- beforeMethod -->
        <test-method signature="asignarCostoYConseguirCostoDeLlamadaCasoDefaultTest()[pri:0, instance:casosDeUsoTest.CalculadorCostoLlamadaTest@59ed3e6c]" started-at="2020-11-17T18:08:12 BOT" name="asignarCostoYConseguirCostoDeLlamadaCasoDefaultTest" finished-at="2020-11-17T18:08:12 BOT" duration-ms="0" status="PASS">
          <reporter-output>
          </reporter-output>
        </test-method> <!-- asignarCostoYConseguirCostoDeLlamadaCasoDefaultTest -->
      </class> <!-- casosDeUsoTest.CalculadorCostoLlamadaTest -->
      <class name="casosDeUsoTest.RegistroClientesTest">
        <test-method is-config="true" signature="beforeMethod()[pri:0, instance:casosDeUsoTest.RegistroClientesTest@4195105b]" started-at="2020-11-17T18:08:20 BOT" name="beforeMethod" finished-at="2020-11-17T18:08:20 BOT" duration-ms="123" status="PASS">
          <reporter-output>
          </reporter-output>
        </test-method> <!-- beforeMethod -->
        <test-method signature="guardarClientesCargados()[pri:0, instance:casosDeUsoTest.RegistroClientesTest@4195105b]" started-at="2020-11-17T18:08:20 BOT" name="guardarClientesCargados" finished-at="2020-11-17T18:08:20 BOT" duration-ms="107" status="PASS">
          <reporter-output>
          </reporter-output>
        </test-method> <!-- guardarClientesCargados -->
        <test-method is-config="true" signature="beforeMethod()[pri:0, instance:casosDeUsoTest.RegistroClientesTest@4195105b]" started-at="2020-11-17T18:08:20 BOT" name="beforeMethod" finished-at="2020-11-17T18:08:21 BOT" duration-ms="150" status="PASS">
          <reporter-output>
          </reporter-output>
        </test-method> <!-- beforeMethod -->
        <test-method signature="guardarTemporalmenteCDRs()[pri:0, instance:casosDeUsoTest.RegistroClientesTest@4195105b]" started-at="2020-11-17T18:08:21 BOT" name="guardarTemporalmenteCDRs" finished-at="2020-11-17T18:08:21 BOT" duration-ms="113" status="PASS">
          <reporter-output>
          </reporter-output>
        </test-method> <!-- guardarTemporalmenteCDRs -->
        <test-method is-config="true" signature="beforeMethod()[pri:0, instance:casosDeUsoTest.RegistroClientesTest@4195105b]" started-at="2020-11-17T18:08:21 BOT" name="beforeMethod" finished-at="2020-11-17T18:08:21 BOT" duration-ms="236" status="PASS">
          <reporter-output>
          </reporter-output>
        </test-method> <!-- beforeMethod -->
        <test-method signature="llenarListaClientes()[pri:0, instance:casosDeUsoTest.RegistroClientesTest@4195105b]" started-at="2020-11-17T18:08:21 BOT" name="llenarListaClientes" finished-at="2020-11-17T18:08:21 BOT" duration-ms="152" status="PASS">
          <reporter-output>
          </reporter-output>
        </test-method> <!-- llenarListaClientes -->
        <test-method is-config="true" signature="beforeMethod()[pri:0, instance:casosDeUsoTest.RegistroClientesTest@4195105b]" started-at="2020-11-17T18:08:21 BOT" name="beforeMethod" finished-at="2020-11-17T18:08:21 BOT" duration-ms="158" status="PASS">
          <reporter-output>
          </reporter-output>
        </test-method> <!-- beforeMethod -->
        <test-method signature="llenarListaClientesPlanWow()[pri:0, instance:casosDeUsoTest.RegistroClientesTest@4195105b]" started-at="2020-11-17T18:08:21 BOT" name="llenarListaClientesPlanWow" finished-at="2020-11-17T18:08:22 BOT" duration-ms="266" status="PASS">
          <reporter-output>
          </reporter-output>
        </test-method> <!-- llenarListaClientesPlanWow -->
        <test-method is-config="true" signature="beforeMethod()[pri:0, instance:casosDeUsoTest.RegistroClientesTest@4195105b]" started-at="2020-11-17T18:08:22 BOT" name="beforeMethod" finished-at="2020-11-17T18:08:22 BOT" duration-ms="119" status="PASS">
          <reporter-output>
          </reporter-output>
        </test-method> <!-- beforeMethod -->
        <test-method signature="noCoincidenEnNumeroTelefonico()[pri:0, instance:casosDeUsoTest.RegistroClientesTest@4195105b]" started-at="2020-11-17T18:08:22 BOT" name="noCoincidenEnNumeroTelefonico" finished-at="2020-11-17T18:08:22 BOT" duration-ms="339" status="PASS">
          <reporter-output>
          </reporter-output>
        </test-method> <!-- noCoincidenEnNumeroTelefonico -->
        <test-method is-config="true" signature="borrarRegistrosClientes()[pri:0, instance:casosDeUsoTest.RegistroClientesTest@4195105b]" started-at="2020-11-17T18:08:22 BOT" name="borrarRegistrosClientes" finished-at="2020-11-17T18:08:22 BOT" duration-ms="479" status="PASS">
          <reporter-output>
          </reporter-output>
        </test-method> <!-- borrarRegistrosClientes -->
      </class> <!-- casosDeUsoTest.RegistroClientesTest -->
      <class name="entidadesTest.PlanPostpagoTest">
        <test-method signature="calcularCostoDeUnaLlamada()[pri:0, instance:entidadesTest.PlanPostpagoTest@360bc645]" started-at="2020-11-17T18:08:30 BOT" name="calcularCostoDeUnaLlamada" finished-at="2020-11-17T18:08:30 BOT" duration-ms="1" status="PASS">
          <reporter-output>
          </reporter-output>
        </test-method> <!-- calcularCostoDeUnaLlamada -->
        <test-method is-config="true" signature="beforeMethod()[pri:0, instance:entidadesTest.PlanPostpagoTest@360bc645]" started-at="2020-11-17T18:08:30 BOT" name="beforeMethod" finished-at="2020-11-17T18:08:30 BOT" duration-ms="0" status="PASS">
          <reporter-output>
          </reporter-output>
        </test-method> <!-- beforeMethod -->
        <test-method is-config="true" signature="beforeMethod()[pri:0, instance:entidadesTest.PlanPostpagoTest@360bc645]" started-at="2020-11-17T18:08:30 BOT" name="beforeMethod" finished-at="2020-11-17T18:08:30 BOT" duration-ms="0" status="PASS">
          <reporter-output>
          </reporter-output>
        </test-method> <!-- beforeMethod -->
        <test-method signature="obtenerTipoDeTarifa()[pri:0, instance:entidadesTest.PlanPostpagoTest@360bc645]" started-at="2020-11-17T18:08:30 BOT" name="obtenerTipoDeTarifa" finished-at="2020-11-17T18:08:30 BOT" duration-ms="1" status="PASS">
          <reporter-output>
          </reporter-output>
        </test-method> <!-- obtenerTipoDeTarifa -->
      </class> <!-- entidadesTest.PlanPostpagoTest -->
      <class name="entidadesTest.PlanPrepagoTest">
        <test-method is-config="true" signature="beforeMethod()[pri:0, instance:entidadesTest.PlanPrepagoTest@4edef76c]" started-at="2020-11-17T18:08:30 BOT" name="beforeMethod" finished-at="2020-11-17T18:08:30 BOT" duration-ms="0" status="PASS">
          <reporter-output>
          </reporter-output>
        </test-method> <!-- beforeMethod -->
        <test-method signature="calcularCostoDeUnaLlamada()[pri:0, instance:entidadesTest.PlanPrepagoTest@4edef76c]" started-at="2020-11-17T18:08:30 BOT" name="calcularCostoDeUnaLlamada" finished-at="2020-11-17T18:08:30 BOT" duration-ms="1" status="PASS">
          <reporter-output>
          </reporter-output>
        </test-method> <!-- calcularCostoDeUnaLlamada -->
        <test-method is-config="true" signature="beforeMethod()[pri:0, instance:entidadesTest.PlanPrepagoTest@4edef76c]" started-at="2020-11-17T18:08:30 BOT" name="beforeMethod" finished-at="2020-11-17T18:08:30 BOT" duration-ms="0" status="PASS">
          <reporter-output>
          </reporter-output>
        </test-method> <!-- beforeMethod -->
        <test-method signature="obtenerTipoDeTarifa()[pri:0, instance:entidadesTest.PlanPrepagoTest@4edef76c]" started-at="2020-11-17T18:08:30 BOT" name="obtenerTipoDeTarifa" finished-at="2020-11-17T18:08:30 BOT" duration-ms="0" status="PASS">
          <reporter-output>
          </reporter-output>
        </test-method> <!-- obtenerTipoDeTarifa -->
      </class> <!-- entidadesTest.PlanPrepagoTest -->
      <class name="entidadesTest.ClienteTest">
        <test-method is-config="true" signature="beforeMethod()[pri:0, instance:entidadesTest.ClienteTest@720bf653]" started-at="2020-11-17T18:08:30 BOT" name="beforeMethod" finished-at="2020-11-17T18:08:30 BOT" duration-ms="1" status="PASS">
          <reporter-output>
          </reporter-output>
        </test-method> <!-- beforeMethod -->
        <test-method signature="asignarNumeroTelefonicoYConseguirNumeroTelefonicoTest()[pri:0, instance:entidadesTest.ClienteTest@720bf653]" started-at="2020-11-17T18:08:30 BOT" name="asignarNumeroTelefonicoYConseguirNumeroTelefonicoTest" finished-at="2020-11-17T18:08:30 BOT" duration-ms="0" status="PASS">
          <reporter-output>
          </reporter-output>
        </test-method> <!-- asignarNumeroTelefonicoYConseguirNumeroTelefonicoTest -->
        <test-method is-config="true" signature="beforeMethod()[pri:0, instance:entidadesTest.ClienteTest@720bf653]" started-at="2020-11-17T18:08:30 BOT" name="beforeMethod" finished-at="2020-11-17T18:08:30 BOT" duration-ms="1" status="PASS">
          <reporter-output>
          </reporter-output>
        </test-method> <!-- beforeMethod -->
        <test-method signature="asignarPlanYConseguirPlanTest()[pri:0, instance:entidadesTest.ClienteTest@720bf653]" started-at="2020-11-17T18:08:30 BOT" name="asignarPlanYConseguirPlanTest" finished-at="2020-11-17T18:08:30 BOT" duration-ms="0" status="PASS">
          <reporter-output>
          </reporter-output>
        </test-method> <!-- asignarPlanYConseguirPlanTest -->
        <test-method is-config="true" signature="beforeMethod()[pri:0, instance:entidadesTest.ClienteTest@720bf653]" started-at="2020-11-17T18:08:30 BOT" name="beforeMethod" finished-at="2020-11-17T18:08:30 BOT" duration-ms="0" status="PASS">
          <reporter-output>
          </reporter-output>
        </test-method> <!-- beforeMethod -->
        <test-method signature="asignarTipoDePlanYConseguirTipoDePlanTest()[pri:0, instance:entidadesTest.ClienteTest@720bf653]" started-at="2020-11-17T18:08:30 BOT" name="asignarTipoDePlanYConseguirTipoDePlanTest" finished-at="2020-11-17T18:08:30 BOT" duration-ms="0" status="PASS">
          <reporter-output>
          </reporter-output>
        </test-method> <!-- asignarTipoDePlanYConseguirTipoDePlanTest -->
        <test-method is-config="true" signature="beforeMethod()[pri:0, instance:entidadesTest.ClienteTest@720bf653]" started-at="2020-11-17T18:08:30 BOT" name="beforeMethod" finished-at="2020-11-17T18:08:30 BOT" duration-ms="0" status="PASS">
          <reporter-output>
          </reporter-output>
        </test-method> <!-- beforeMethod -->
        <test-method signature="conseguirCiTest()[pri:0, instance:entidadesTest.ClienteTest@720bf653]" started-at="2020-11-17T18:08:30 BOT" name="conseguirCiTest" finished-at="2020-11-17T18:08:30 BOT" duration-ms="1" status="PASS">
          <reporter-output>
          </reporter-output>
        </test-method> <!-- conseguirCiTest -->
        <test-method is-config="true" signature="beforeMethod()[pri:0, instance:entidadesTest.ClienteTest@720bf653]" started-at="2020-11-17T18:08:30 BOT" name="beforeMethod" finished-at="2020-11-17T18:08:30 BOT" duration-ms="0" status="PASS">
          <reporter-output>
          </reporter-output>
        </test-method> <!-- beforeMethod -->
        <test-method signature="conseguirNombreTest()[pri:0, instance:entidadesTest.ClienteTest@720bf653]" started-at="2020-11-17T18:08:30 BOT" name="conseguirNombreTest" finished-at="2020-11-17T18:08:30 BOT" duration-ms="0" status="PASS">
          <reporter-output>
          </reporter-output>
        </test-method> <!-- conseguirNombreTest -->
      </class> <!-- entidadesTest.ClienteTest -->
      <class name="repositoriosTest.ConnectionBDTest">
        <test-method is-config="true" signature="initGetUserAndPassException()[pri:0, instance:repositoriosTest.ConnectionBDTest@2a331b46]" started-at="2020-11-17T18:08:30 BOT" name="initGetUserAndPassException" finished-at="2020-11-17T18:08:30 BOT" duration-ms="0" status="PASS">
          <reporter-output>
          </reporter-output>
        </test-method> <!-- initGetUserAndPassException -->
        <test-method signature="getUserAndPassException()[pri:0, instance:repositoriosTest.ConnectionBDTest@2a331b46]" started-at="2020-11-17T18:08:30 BOT" name="getUserAndPassException" finished-at="2020-11-17T18:08:30 BOT" duration-ms="1" status="PASS">
          <reporter-output>
          </reporter-output>
        </test-method> <!-- getUserAndPassException -->
      </class> <!-- repositoriosTest.ConnectionBDTest -->
      <class name="casosDeUsoTest.PersistenciaFiltrosTest">
        <test-method is-config="true" signature="initPersistencia()[pri:0, instance:casosDeUsoTest.PersistenciaFiltrosTest@317e9c3c]" started-at="2020-11-17T18:08:12 BOT" name="initPersistencia" finished-at="2020-11-17T18:08:12 BOT" duration-ms="400" status="PASS">
          <reporter-output>
          </reporter-output>
        </test-method> <!-- initPersistencia -->
        <test-method is-config="true" signature="initFiltroRegistros()[pri:0, instance:casosDeUsoTest.PersistenciaFiltrosTest@317e9c3c]" started-at="2020-11-17T18:08:12 BOT" name="initFiltroRegistros" finished-at="2020-11-17T18:08:12 BOT" duration-ms="1" status="PASS">
          <reporter-output>
          </reporter-output>
        </test-method> <!-- initFiltroRegistros -->
        <test-method signature="coincidenEnMesTest()[pri:0, instance:casosDeUsoTest.PersistenciaFiltrosTest@317e9c3c]" started-at="2020-11-17T18:08:12 BOT" name="coincidenEnMesTest" finished-at="2020-11-17T18:08:12 BOT" duration-ms="1" status="PASS">
          <reporter-output>
          </reporter-output>
        </test-method> <!-- coincidenEnMesTest -->
        <test-method is-config="true" signature="initFiltroRegistros()[pri:0, instance:casosDeUsoTest.PersistenciaFiltrosTest@317e9c3c]" started-at="2020-11-17T18:08:12 BOT" name="initFiltroRegistros" finished-at="2020-11-17T18:08:12 BOT" duration-ms="0" status="PASS">
          <reporter-output>
          </reporter-output>
        </test-method> <!-- initFiltroRegistros -->
        <test-method is-config="true" signature="initFiltroRegistros()[pri:0, instance:casosDeUsoTest.PersistenciaFiltrosTest@317e9c3c]" started-at="2020-11-17T18:08:12 BOT" name="initFiltroRegistros" finished-at="2020-11-17T18:08:12 BOT" duration-ms="0" status="PASS">
          <reporter-output>
          </reporter-output>
        </test-method> <!-- initFiltroRegistros -->
        <test-method signature="esNumeroInvalidoDeMesTest()[pri:0, instance:casosDeUsoTest.PersistenciaFiltrosTest@317e9c3c]" started-at="2020-11-17T18:08:12 BOT" name="esNumeroInvalidoDeMesTest" finished-at="2020-11-17T18:08:12 BOT" duration-ms="0" status="PASS">
[...]
        <test-method signature="userNameTest()[pri:0, instance:entidadesTest.UserTest@70c53dbe]" started-at="2020-11-17T18:08:30 BOT" name="userNameTest" finished-at="2020-11-17T18:08:30 BOT" duration-ms="1" status="PASS">
          <reporter-output>
          </reporter-output>
        </test-method> <!-- userNameTest -->
        <test-method is-config="true" signature="init()[pri:0, instance:entidadesTest.UserTest@70c53dbe]" started-at="2020-11-17T18:08:30 BOT" name="init" finished-at="2020-11-17T18:08:30 BOT" duration-ms="0" status="PASS">
          <reporter-output>
          </reporter-output>
        </test-method> <!-- init -->
        <test-method signature="userPasswordTest()[pri:0, instance:entidadesTest.UserTest@70c53dbe]" started-at="2020-11-17T18:08:30 BOT" name="userPasswordTest" finished-at="2020-11-17T18:08:30 BOT" duration-ms="0" status="PASS">
          <reporter-output>
          </reporter-output>
        </test-method> <!-- userPasswordTest -->
      </class> <!-- entidadesTest.UserTest -->
      <class name="controladoresTest.ControladorRegistroClientesTest">
        <test-method is-config="true" signature="beforeClass()[pri:0, instance:controladoresTest.ControladorRegistroClientesTest@2c7a8af2]" started-at="2020-11-17T18:08:29 BOT" name="beforeClass" finished-at="2020-11-17T18:08:29 BOT" duration-ms="8" status="PASS">
          <reporter-output>
          </reporter-output>
        </test-method> <!-- beforeClass -->
        <test-method signature="getRegistrosCargados()[pri:0, instance:controladoresTest.ControladorRegistroClientesTest@2c7a8af2]" started-at="2020-11-17T18:08:29 BOT" name="getRegistrosCargados" finished-at="2020-11-17T18:08:29 BOT" duration-ms="17" status="PASS">
          <reporter-output>
          </reporter-output>
        </test-method> <!-- getRegistrosCargados -->
        <test-method is-config="true" signature="beforeMethod()[pri:0, instance:controladoresTest.ControladorRegistroClientesTest@2c7a8af2]" started-at="2020-11-17T18:08:29 BOT" name="beforeMethod" finished-at="2020-11-17T18:08:29 BOT" duration-ms="0" status="PASS">
          <reporter-output>
          </reporter-output>
        </test-method> <!-- beforeMethod -->
        <test-method signature="postApiSubmit()[pri:0, instance:controladoresTest.ControladorRegistroClientesTest@2c7a8af2]" started-at="2020-11-17T18:08:29 BOT" name="postApiSubmit" finished-at="2020-11-17T18:08:30 BOT" duration-ms="722" status="PASS">
          <reporter-output>
          </reporter-output>
        </test-method> <!-- postApiSubmit -->
        <test-method is-config="true" signature="beforeMethod()[pri:0, instance:controladoresTest.ControladorRegistroClientesTest@2c7a8af2]" started-at="2020-11-17T18:08:29 BOT" name="beforeMethod" finished-at="2020-11-17T18:08:29 BOT" duration-ms="0" status="PASS">
          <reporter-output>
          </reporter-output>
        </test-method> <!-- beforeMethod -->
        <test-method is-config="true" signature="beforeMethod()[pri:0, instance:controladoresTest.ControladorRegistroClientesTest@2c7a8af2]" started-at="2020-11-17T18:08:30 BOT" name="beforeMethod" finished-at="2020-11-17T18:08:30 BOT" duration-ms="0" status="PASS">
          <reporter-output>
          </reporter-output>
        </test-method> <!-- beforeMethod -->
        <test-method signature="postApiSubmitSinArchivo()[pri:0, instance:controladoresTest.ControladorRegistroClientesTest@2c7a8af2]" started-at="2020-11-17T18:08:30 BOT" name="postApiSubmitSinArchivo" finished-at="2020-11-17T18:08:30 BOT" duration-ms="15" status="PASS">
          <reporter-output>
          </reporter-output>
        </test-method> <!-- postApiSubmitSinArchivo -->
        <test-method is-config="true" signature="afterClass()[pri:0, instance:controladoresTest.ControladorRegistroClientesTest@2c7a8af2]" started-at="2020-11-17T18:08:30 BOT" name="afterClass" finished-at="2020-11-17T18:08:30 BOT" duration-ms="112" status="PASS">
          <reporter-output>
          </reporter-output>
        </test-method> <!-- afterClass -->
      </class> <!-- controladoresTest.ControladorRegistroClientesTest -->
      <class name="casosDeUsoTest.PersistenciaTest">
        <test-method is-config="true" signature="initPersistencia()[pri:0, instance:casosDeUsoTest.PersistenciaTest@31a3f4de]" started-at="2020-11-17T18:08:12 BOT" name="initPersistencia" finished-at="2020-11-17T18:08:12 BOT" duration-ms="3" status="PASS">
          <reporter-output>
          </reporter-output>
        </test-method> <!-- initPersistencia -->
        <test-method is-config="true" signature="initBD()[pri:0, instance:casosDeUsoTest.PersistenciaTest@31a3f4de]" started-at="2020-11-17T18:08:12 BOT" name="initBD" finished-at="2020-11-17T18:08:13 BOT" duration-ms="843" status="PASS">
          <reporter-output>
          </reporter-output>
        </test-method> <!-- initBD -->
        <test-method signature="obtenerFacturaConClienteNoRegistrado()[pri:0, instance:casosDeUsoTest.PersistenciaTest@31a3f4de]" started-at="2020-11-17T18:08:13 BOT" name="obtenerFacturaConClienteNoRegistrado" finished-at="2020-11-17T18:08:13 BOT" duration-ms="10" status="PASS">
          <reporter-output>
          </reporter-output>
        </test-method> <!-- obtenerFacturaConClienteNoRegistrado -->
        <test-method is-config="true" signature="tearBD()[pri:0, instance:casosDeUsoTest.PersistenciaTest@31a3f4de]" started-at="2020-11-17T18:08:13 BOT" name="tearBD" finished-at="2020-11-17T18:08:13 BOT" duration-ms="295" status="PASS">
          <reporter-output>
          </reporter-output>
        </test-method> <!-- tearBD -->
        <test-method is-config="true" signature="initBD()[pri:0, instance:casosDeUsoTest.PersistenciaTest@31a3f4de]" started-at="2020-11-17T18:08:13 BOT" name="initBD" finished-at="2020-11-17T18:08:14 BOT" duration-ms="1061" status="PASS">
          <reporter-output>
          </reporter-output>
        </test-method> <!-- initBD -->
        <test-method signature="obtenerFacturaDelMesParaClienteTest()[pri:0, instance:casosDeUsoTest.PersistenciaTest@31a3f4de]" started-at="2020-11-17T18:08:14 BOT" name="obtenerFacturaDelMesParaClienteTest" finished-at="2020-11-17T18:08:14 BOT" duration-ms="24" status="PASS">
          <reporter-output>
          </reporter-output>
        </test-method> <!-- obtenerFacturaDelMesParaClienteTest -->
        <test-method is-config="true" signature="tearBD()[pri:0, instance:casosDeUsoTest.PersistenciaTest@31a3f4de]" started-at="2020-11-17T18:08:14 BOT" name="tearBD" finished-at="2020-11-17T18:08:15 BOT" duration-ms="395" status="PASS">
          <reporter-output>
          </reporter-output>
        </test-method> <!-- tearBD -->
      </class> <!-- casosDeUsoTest.PersistenciaTest -->
      <class name="modelosTest.CDRModeloTest">
        <test-method signature="obtenerCostoDeLlamada()[pri:0, instance:modelosTest.CDRModeloTest@1894e40d]" started-at="2020-11-17T18:08:30 BOT" name="obtenerCostoDeLlamada" finished-at="2020-11-17T18:08:30 BOT" duration-ms="0" status="PASS">
          <reporter-output>
          </reporter-output>
        </test-method> <!-- obtenerCostoDeLlamada -->
        <test-method is-config="true" signature="beforeMethod()[pri:0, instance:modelosTest.CDRModeloTest@1894e40d]" started-at="2020-11-17T18:08:30 BOT" name="beforeMethod" finished-at="2020-11-17T18:08:30 BOT" duration-ms="0" status="PASS">
          <reporter-output>
          </reporter-output>
        </test-method> <!-- beforeMethod -->
        <test-method signature="obtenerDuracionLlamada()[pri:0, instance:modelosTest.CDRModeloTest@1894e40d]" started-at="2020-11-17T18:08:30 BOT" name="obtenerDuracionLlamada" finished-at="2020-11-17T18:08:30 BOT" duration-ms="0" status="PASS">
          <reporter-output>
          </reporter-output>
        </test-method> <!-- obtenerDuracionLlamada -->
        <test-method is-config="true" signature="beforeMethod()[pri:0, instance:modelosTest.CDRModeloTest@1894e40d]" started-at="2020-11-17T18:08:30 BOT" name="beforeMethod" finished-at="2020-11-17T18:08:30 BOT" duration-ms="0" status="PASS">
          <reporter-output>
          </reporter-output>
        </test-method> <!-- beforeMethod -->
        <test-method signature="obtenerFecha()[pri:0, instance:modelosTest.CDRModeloTest@1894e40d]" started-at="2020-11-17T18:08:30 BOT" name="obtenerFecha" finished-at="2020-11-17T18:08:30 BOT" duration-ms="0" status="PASS">
          <reporter-output>
          </reporter-output>
        </test-method> <!-- obtenerFecha -->
        <test-method is-config="true" signature="beforeMethod()[pri:0, instance:modelosTest.CDRModeloTest@1894e40d]" started-at="2020-11-17T18:08:30 BOT" name="beforeMethod" finished-at="2020-11-17T18:08:30 BOT" duration-ms="0" status="PASS">
          <reporter-output>
          </reporter-output>
        </test-method> <!-- beforeMethod -->
        <test-method is-config="true" signature="beforeMethod()[pri:0, instance:modelosTest.CDRModeloTest@1894e40d]" started-at="2020-11-17T18:08:30 BOT" name="beforeMethod" finished-at="2020-11-17T18:08:30 BOT" duration-ms="0" status="PASS">
          <reporter-output>
          </reporter-output>
        </test-method> <!-- beforeMethod -->
        <test-method is-config="true" signature="beforeMethod()[pri:0, instance:modelosTest.CDRModeloTest@1894e40d]" started-at="2020-11-17T18:08:30 BOT" name="beforeMethod" finished-at="2020-11-17T18:08:30 BOT" duration-ms="1" status="PASS">
          <reporter-output>
          </reporter-output>
        </test-method> <!-- beforeMethod -->
        <test-method signature="obtenerFechaTarificacion()[pri:0, instance:modelosTest.CDRModeloTest@1894e40d]" started-at="2020-11-17T18:08:30 BOT" name="obtenerFechaTarificacion" finished-at="2020-11-17T18:08:30 BOT" duration-ms="0" status="PASS">
          <reporter-output>
          </reporter-output>
        </test-method> <!-- obtenerFechaTarificacion -->
        <test-method signature="obtenerHoraTarificacion()[pri:0, instance:modelosTest.CDRModeloTest@1894e40d]" started-at="2020-11-17T18:08:30 BOT" name="obtenerHoraTarificacion" finished-at="2020-11-17T18:08:30 BOT" duration-ms="1" status="PASS">
          <reporter-output>
          </reporter-output>
        </test-method> <!-- obtenerHoraTarificacion -->
        <test-method is-config="true" signature="beforeMethod()[pri:0, instance:modelosTest.CDRModeloTest@1894e40d]" started-at="2020-11-17T18:08:30 BOT" name="beforeMethod" finished-at="2020-11-17T18:08:30 BOT" duration-ms="0" status="PASS">
          <reporter-output>
          </reporter-output>
        </test-method> <!-- beforeMethod -->
        <test-method signature="obtenerHora()[pri:0, instance:modelosTest.CDRModeloTest@1894e40d]" started-at="2020-11-17T18:08:30 BOT" name="obtenerHora" finished-at="2020-11-17T18:08:30 BOT" duration-ms="0" status="PASS">
          <reporter-output>
          </reporter-output>
        </test-method> <!-- obtenerHora -->
        <test-method signature="obtenerId()[pri:0, instance:modelosTest.CDRModeloTest@1894e40d]" started-at="2020-11-17T18:08:30 BOT" name="obtenerId" finished-at="2020-11-17T18:08:30 BOT" duration-ms="1" status="PASS">
          <reporter-output>
          </reporter-output>
        </test-method> <!-- obtenerId -->
        <test-method is-config="true" signature="beforeMethod()[pri:0, instance:modelosTest.CDRModeloTest@1894e40d]" started-at="2020-11-17T18:08:30 BOT" name="beforeMethod" finished-at="2020-11-17T18:08:30 BOT" duration-ms="0" status="PASS">
          <reporter-output>
          </reporter-output>
        </test-method> <!-- beforeMethod -->
        <test-method signature="obtenerNumeroTelefonoDestino()[pri:0, instance:modelosTest.CDRModeloTest@1894e40d]" started-at="2020-11-17T18:08:30 BOT" name="obtenerNumeroTelefonoDestino" finished-at="2020-11-17T18:08:30 BOT" duration-ms="0" status="PASS">
          <reporter-output>
          </reporter-output>
        </test-method> <!-- obtenerNumeroTelefonoDestino -->
        <test-method is-config="true" signature="beforeMethod()[pri:0, instance:modelosTest.CDRModeloTest@1894e40d]" started-at="2020-11-17T18:08:30 BOT" name="beforeMethod" finished-at="2020-11-17T18:08:30 BOT" duration-ms="0" status="PASS">
          <reporter-output>
          </reporter-output>
        </test-method> <!-- beforeMethod -->
        <test-method is-config="true" signature="beforeMethod()[pri:0, instance:modelosTest.CDRModeloTest@1894e40d]" started-at="2020-11-17T18:08:30 BOT" name="beforeMethod" finished-at="2020-11-17T18:08:30 BOT" duration-ms="0" status="PASS">
          <reporter-output>
          </reporter-output>
        </test-method> <!-- beforeMethod -->
        <test-method signature="obtenerNumeroTelefonoOrigen()[pri:0, instance:modelosTest.CDRModeloTest@1894e40d]" started-at="2020-11-17T18:08:30 BOT" name="obtenerNumeroTelefonoOrigen" finished-at="2020-11-17T18:08:30 BOT" duration-ms="0" status="PASS">
          <reporter-output>
          </reporter-output>
        </test-method> <!-- obtenerNumeroTelefonoOrigen -->
      </class> <!-- modelosTest.CDRModeloTest -->
      <class name="controladoresTest.ControladorCDRSerializacionTest">
        <test-method is-config="true" signature="initControlador()[pri:0, instance:controladoresTest.ControladorCDRSerializacionTest@14fa92af]" started-at="2020-11-17T18:08:25 BOT" name="initControlador" finished-at="2020-11-17T18:08:25 BOT" duration-ms="342" status="PASS">
          <reporter-output>
          </reporter-output>
        </test-method> <!-- initControlador -->
        <test-method is-config="true" signature="initGuardarRegistrosEnBD()[pri:0, instance:controladoresTest.ControladorCDRSerializacionTest@14fa92af]" started-at="2020-11-17T18:08:25 BOT" name="initGuardarRegistrosEnBD" finished-at="2020-11-17T18:08:26 BOT" duration-ms="90" status="PASS">
          <reporter-output>
          </reporter-output>
        </test-method> <!-- initGuardarRegistrosEnBD -->
        <test-method signature="cdrGuardadoBDTest()[pri:0, instance:controladoresTest.ControladorCDRSerializacionTest@14fa92af]" started-at="2020-11-17T18:08:26 BOT" name="cdrGuardadoBDTest" finished-at="2020-11-17T18:08:26 BOT" duration-ms="10" status="PASS">
          <reporter-output>
          </reporter-output>
        </test-method> <!-- cdrGuardadoBDTest -->
        <test-method is-config="true" signature="emptyRepositorio()[pri:0, instance:controladoresTest.ControladorCDRSerializacionTest@14fa92af]" started-at="2020-11-17T18:08:26 BOT" name="emptyRepositorio" finished-at="2020-11-17T18:08:26 BOT" duration-ms="1" status="PASS">
          <reporter-output>
          </reporter-output>
        </test-method> <!-- emptyRepositorio -->
        <test-method is-config="true" signature="endTest()[pri:0, instance:controladoresTest.ControladorCDRSerializacionTest@14fa92af]" started-at="2020-11-17T18:08:26 BOT" name="endTest" finished-at="2020-11-17T18:08:26 BOT" duration-ms="392" status="PASS">
          <reporter-output>
          </reporter-output>
        </test-method> <!-- endTest -->
      </class> <!-- controladoresTest.ControladorCDRSerializacionTest -->
      <class name="modelosTest.ClienteModeloTest">
        <test-method is-config="true" signature="beforeClass()[pri:0, instance:modelosTest.ClienteModeloTest@21c815e4]" started-at="2020-11-17T18:08:30 BOT" name="beforeClass" finished-at="2020-11-17T18:08:30 BOT" duration-ms="1" status="PASS">
          <reporter-output>
          </reporter-output>
        </test-method> <!-- beforeClass -->
        <test-method is-config="true" signature="beforeMethod()[pri:0, instance:modelosTest.ClienteModeloTest@21c815e4]" started-at="2020-11-17T18:08:30 BOT" name="beforeMethod" finished-at="2020-11-17T18:08:30 BOT" duration-ms="0" status="PASS">
          <reporter-output>
          </reporter-output>
        </test-method> <!-- beforeMethod -->
        <test-method signature="conseguirCiTest()[pri:0, instance:modelosTest.ClienteModeloTest@21c815e4]" started-at="2020-11-17T18:08:30 BOT" name="conseguirCiTest" finished-at="2020-11-17T18:08:30 BOT" duration-ms="0" status="PASS">
          <reporter-output>
          </reporter-output>
        </test-method> <!-- conseguirCiTest -->
        <test-method is-config="true" signature="beforeMethod()[pri:0, instance:modelosTest.ClienteModeloTest@21c815e4]" started-at="2020-11-17T18:08:30 BOT" name="beforeMethod" finished-at="2020-11-17T18:08:30 BOT" duration-ms="0" status="PASS">
          <reporter-output>
          </reporter-output>
        </test-method> <!-- beforeMethod -->
        <test-method signature="conseguirFechaDeRegistroTest()[pri:0, instance:modelosTest.ClienteModeloTest@21c815e4]" started-at="2020-11-17T18:08:30 BOT" name="conseguirFechaDeRegistroTest" finished-at="2020-11-17T18:08:30 BOT" duration-ms="1" status="PASS">
          <reporter-output>
          </reporter-output>
        </test-method> <!-- conseguirFechaDeRegistroTest -->
        <test-method signature="conseguirNumeroTelefonicoTest()[pri:0, instance:modelosTest.ClienteModeloTest@21c815e4]" started-at="2020-11-17T18:08:30 BOT" name="conseguirNumeroTelefonicoTest" finished-at="2020-11-17T18:08:30 BOT" duration-ms="0" status="PASS">
          <reporter-output>
          </reporter-output>
        </test-method> <!-- conseguirNumeroTelefonicoTest -->
        <test-method signature="conseguirNombreTest()[pri:0, instance:modelosTest.ClienteModeloTest@21c815e4]" started-at="2020-11-17T18:08:30 BOT" name="conseguirNombreTest" finished-at="2020-11-17T18:08:30 BOT" duration-ms="0" status="PASS">
          <reporter-output>
          </reporter-output>
        </test-method> <!-- conseguirNombreTest -->
        <test-method is-config="true" signature="beforeMethod()[pri:0, instance:modelosTest.ClienteModeloTest@21c815e4]" started-at="2020-11-17T18:08:30 BOT" name="beforeMethod" finished-at="2020-11-17T18:08:30 BOT" duration-ms="0" status="PASS">
          <reporter-output>
          </reporter-output>
        </test-method> <!-- beforeMethod -->
        <test-method is-config="true" signature="beforeMethod()[pri:0, instance:modelosTest.ClienteModeloTest@21c815e4]" started-at="2020-11-17T18:08:30 BOT" name="beforeMethod" finished-at="2020-11-17T18:08:30 BOT" duration-ms="0" status="PASS">
          <reporter-output>
          </reporter-output>
        </test-method> <!-- beforeMethod -->
        <test-method is-config="true" signature="beforeMethod()[pri:0, instance:modelosTest.ClienteModeloTest@21c815e4]" started-at="2020-11-17T18:08:30 BOT" name="beforeMethod" finished-at="2020-11-17T18:08:30 BOT" duration-ms="0" status="PASS">
          <reporter-output>
          </reporter-output>
        </test-method> <!-- beforeMethod -->
        <test-method signature="conseguirNumerosDeAmigosTest()[pri:0, instance:modelosTest.ClienteModeloTest@21c815e4]" started-at="2020-11-17T18:08:30 BOT" name="conseguirNumerosDeAmigosTest" finished-at="2020-11-17T18:08:30 BOT" duration-ms="0" status="PASS">
          <reporter-output>
          </reporter-output>
        </test-method> <!-- conseguirNumerosDeAmigosTest -->
        <test-method is-config="true" signature="beforeMethod()[pri:0, instance:modelosTest.ClienteModeloTest@21c815e4]" started-at="2020-11-17T18:08:30 BOT" name="beforeMethod" finished-at="2020-11-17T18:08:30 BOT" duration-ms="0" status="PASS">
          <reporter-output>
          </reporter-output>
        </test-method> <!-- beforeMethod -->
        <test-method signature="conseguirTipoDePlanTest()[pri:0, instance:modelosTest.ClienteModeloTest@21c815e4]" started-at="2020-11-17T18:08:30 BOT" name="conseguirTipoDePlanTest" finished-at="2020-11-17T18:08:30 BOT" duration-ms="0" status="PASS">
          <reporter-output>
          </reporter-output>
        </test-method> <!-- conseguirTipoDePlanTest -->
      </class> <!-- modelosTest.ClienteModeloTest -->
    </test> <!-- Command line test -->
  </suite> <!-- Command line suite -->
</testng-results>
