<?xml version="1.0" encoding="UTF-8"?>
<testng-results ignored="0" total="5" passed="5" failed="0" skipped="0">
  <reporter-output>
  </reporter-output>
  <suite started-at="2020-11-15T11:05:10 BOT" name="Default suite" finished-at="2020-11-15T11:05:12 BOT" duration-ms="2037">
    <groups>
    </groups>
    <test started-at="2020-11-15T11:05:10 BOT" name="Default test" finished-at="2020-11-15T11:05:12 BOT" duration-ms="2037">
      <class name="repositoriosTest.PersistenciaBDClientesTest">
        <test-method is-config="true" signature="beforeMethod()[pri:0, instance:repositoriosTest.PersistenciaBDClientesTest@7671cb68]" started-at="2020-11-15T11:05:10 BOT" name="beforeMethod" finished-at="2020-11-15T11:05:10 BOT" duration-ms="12" status="PASS">
          <reporter-output>
          </reporter-output>
        </test-method> <!-- beforeMethod -->
        <test-method signature="crearTablaClientesYNumerosAmigos()[pri:0, instance:repositoriosTest.PersistenciaBDClientesTest@7671cb68]" started-at="2020-11-15T11:05:10 BOT" name="crearTablaClientesYNumerosAmigos" finished-at="2020-11-15T11:05:10 BOT" duration-ms="114" status="PASS">
          <reporter-output>
          </reporter-output>
        </test-method> <!-- crearTablaClientesYNumerosAmigos -->
        <test-method is-config="true" signature="afterMethod()[pri:0, instance:repositoriosTest.PersistenciaBDClientesTest@7671cb68]" started-at="2020-11-15T11:05:10 BOT" name="afterMethod" finished-at="2020-11-15T11:05:10 BOT" duration-ms="246" status="PASS">
          <reporter-output>
          </reporter-output>
        </test-method> <!-- afterMethod -->
        <test-method signature="mostrarTablaDeClientes()[pri:0, instance:repositoriosTest.PersistenciaBDClientesTest@7671cb68]" started-at="2020-11-15T11:05:10 BOT" name="mostrarTablaDeClientes" finished-at="2020-11-15T11:05:11 BOT" duration-ms="133" status="PASS">
          <reporter-output>
          </reporter-output>
        </test-method> <!-- mostrarTablaDeClientes -->
        <test-method is-config="true" signature="beforeMethod()[pri:0, instance:repositoriosTest.PersistenciaBDClientesTest@7671cb68]" started-at="2020-11-15T11:05:10 BOT" name="beforeMethod" finished-at="2020-11-15T11:05:10 BOT" duration-ms="0" status="PASS">
          <reporter-output>
          </reporter-output>
        </test-method> <!-- beforeMethod -->
        <test-method is-config="true" signature="afterMethod()[pri:0, instance:repositoriosTest.PersistenciaBDClientesTest@7671cb68]" started-at="2020-11-15T11:05:11 BOT" name="afterMethod" finished-at="2020-11-15T11:05:11 BOT" duration-ms="255" status="PASS">
          <reporter-output>
          </reporter-output>
        </test-method> <!-- afterMethod -->
        <test-method is-config="true" signature="beforeMethod()[pri:0, instance:repositoriosTest.PersistenciaBDClientesTest@7671cb68]" started-at="2020-11-15T11:05:11 BOT" name="beforeMethod" finished-at="2020-11-15T11:05:11 BOT" duration-ms="0" status="PASS">
          <reporter-output>
          </reporter-output>
        </test-method> <!-- beforeMethod -->
        <test-method signature="mostrarTablaDeNumerosAmigos()[pri:0, instance:repositoriosTest.PersistenciaBDClientesTest@7671cb68]" started-at="2020-11-15T11:05:11 BOT" name="mostrarTablaDeNumerosAmigos" finished-at="2020-11-15T11:05:11 BOT" duration-ms="152" status="PASS">
          <reporter-output>
          </reporter-output>
        </test-method> <!-- mostrarTablaDeNumerosAmigos -->
        <test-method is-config="true" signature="afterMethod()[pri:0, instance:repositoriosTest.PersistenciaBDClientesTest@7671cb68]" started-at="2020-11-15T11:05:11 BOT" name="afterMethod" finished-at="2020-11-15T11:05:11 BOT" duration-ms="249" status="PASS">
          <reporter-output>
          </reporter-output>
        </test-method> <!-- afterMethod -->
        <test-method signature="poblarTablaDeClientes()[pri:0, instance:repositoriosTest.PersistenciaBDClientesTest@7671cb68]" started-at="2020-11-15T11:05:11 BOT" name="poblarTablaDeClientes" finished-at="2020-11-15T11:05:11 BOT" duration-ms="146" status="PASS">
          <reporter-output>
          </reporter-output>
        </test-method> <!-- poblarTablaDeClientes -->
        <test-method is-config="true" signature="beforeMethod()[pri:0, instance:repositoriosTest.PersistenciaBDClientesTest@7671cb68]" started-at="2020-11-15T11:05:11 BOT" name="beforeMethod" finished-at="2020-11-15T11:05:11 BOT" duration-ms="0" status="PASS">
          <reporter-output>
          </reporter-output>
        </test-method> <!-- beforeMethod -->
        <test-method is-config="true" signature="afterMethod()[pri:0, instance:repositoriosTest.PersistenciaBDClientesTest@7671cb68]" started-at="2020-11-15T11:05:11 BOT" name="afterMethod" finished-at="2020-11-15T11:05:12 BOT" duration-ms="283" status="PASS">
          <reporter-output>
          </reporter-output>
        </test-method> <!-- afterMethod -->
        <test-method signature="poblarTablaDeNumerosDeAmigos()[pri:0, instance:repositoriosTest.PersistenciaBDClientesTest@7671cb68]" started-at="2020-11-15T11:05:12 BOT" name="poblarTablaDeNumerosDeAmigos" finished-at="2020-11-15T11:05:12 BOT" duration-ms="141" status="PASS">
          <reporter-output>
          </reporter-output>
        </test-method> <!-- poblarTablaDeNumerosDeAmigos -->
        <test-method is-config="true" signature="beforeMethod()[pri:0, instance:repositoriosTest.PersistenciaBDClientesTest@7671cb68]" started-at="2020-11-15T11:05:12 BOT" name="beforeMethod" finished-at="2020-11-15T11:05:12 BOT" duration-ms="0" status="PASS">
          <reporter-output>
          </reporter-output>
        </test-method> <!-- beforeMethod -->
        <test-method is-config="true" signature="afterMethod()[pri:0, instance:repositoriosTest.PersistenciaBDClientesTest@7671cb68]" started-at="2020-11-15T11:05:12 BOT" name="afterMethod" finished-at="2020-11-15T11:05:12 BOT" duration-ms="274" status="PASS">
          <reporter-output>
          </reporter-output>
        </test-method> <!-- afterMethod -->
      </class> <!-- repositoriosTest.PersistenciaBDClientesTest -->
    </test> <!-- Default test -->
  </suite> <!-- Default suite -->
</testng-results>
