<?xml version="1.0" encoding="UTF-8"?>
<testng-results ignored="0" total="2" passed="2" failed="0" skipped="0">
  <reporter-output>
  </reporter-output>
  <suite started-at="2020-11-12T01:05:57 BOT" name="Default suite" finished-at="2020-11-12T01:05:57 BOT" duration-ms="72">
    <groups>
    </groups>
    <test started-at="2020-11-12T01:05:57 BOT" name="Default test" finished-at="2020-11-12T01:05:57 BOT" duration-ms="72">
      <class name="casosDeUsoTest.RepositorioCDRTest">
        <test-method signature="registrarCDRyObtnerLosRegistrosNoTarificadosTest()[pri:0, instance:casosDeUsoTest.RepositorioCDRTest@2954f6ab]" started-at="2020-11-12T01:05:57 BOT" name="registrarCDRyObtnerLosRegistrosNoTarificadosTest" finished-at="2020-11-12T01:05:57 BOT" duration-ms="19" status="PASS">
          <reporter-output>
          </reporter-output>
        </test-method> <!-- registrarCDRyObtnerLosRegistrosNoTarificadosTest -->
        <test-method signature="registrarCDRyVaciarLosRegistrosTest()[pri:0, instance:casosDeUsoTest.RepositorioCDRTest@2954f6ab]" started-at="2020-11-12T01:05:57 BOT" name="registrarCDRyVaciarLosRegistrosTest" finished-at="2020-11-12T01:05:57 BOT" duration-ms="2" status="PASS">
          <reporter-output>
          </reporter-output>
        </test-method> <!-- registrarCDRyVaciarLosRegistrosTest -->
      </class> <!-- casosDeUsoTest.RepositorioCDRTest -->
    </test> <!-- Default test -->
  </suite> <!-- Default suite -->
</testng-results>
