<?xml version="1.0" encoding="UTF-8"?>
<!-- Generated by org.testng.reporters.JUnitXMLReporter -->
<testsuite ignored="0" hostname="DESKTOP-20AOCAJ" failures="0" tests="5" name="Default test" time="0.784" errors="0" timestamp="2020-11-13T16:54:30 BOT">
  <testcase classname="repositoriosTest.PersistenciaBDClientesTest" name="crearTabla" time="0.435"/>
  <testcase classname="repositoriosTest.PersistenciaBDClientesTest" name="mostrarTabla" time="0.019"/>
  <testcase classname="repositoriosTest.PersistenciaBDClientesTest" name="mostrarTablaAmig" time="0.003"/>
  <testcase classname="repositoriosTest.PersistenciaBDClientesTest" name="poblarTabla" time="0.159"/>
  <testcase classname="repositoriosTest.PersistenciaBDClientesTest" name="poblarTablanumAmig" time="0.134"/>
</testsuite> <!-- Default test -->
