<?xml version="1.0" encoding="UTF-8"?>
<!-- Generated by org.testng.reporters.JUnitXMLReporter -->
<testsuite ignored="0" hostname="DESKTOP-20AOCAJ" failures="0" tests="5" name="Default test" time="2.037" errors="0" timestamp="2020-11-15T11:05:12 BOT">
  <testcase classname="repositoriosTest.PersistenciaBDClientesTest" name="crearTablaClientesYNumerosAmigos" time="0.114"/>
  <testcase classname="repositoriosTest.PersistenciaBDClientesTest" name="mostrarTablaDeClientes" time="0.133"/>
  <testcase classname="repositoriosTest.PersistenciaBDClientesTest" name="mostrarTablaDeNumerosAmigos" time="0.152"/>
  <testcase classname="repositoriosTest.PersistenciaBDClientesTest" name="poblarTablaDeClientes" time="0.146"/>
  <testcase classname="repositoriosTest.PersistenciaBDClientesTest" name="poblarTablaDeNumerosDeAmigos" time="0.141"/>
</testsuite> <!-- Default test -->
