<?xml version="1.0" encoding="UTF-8"?>
<!-- Generated by org.testng.reporters.JUnitReportReporter -->
<testsuite hostname="Fidel" failures="0" tests="8" name="entidadesTest.CDRTest" time="0.002" errors="0" timestamp="2020-11-17T18:08:37 BOT" skipped="0">
  <testcase classname="entidadesTest.CDRTest" name="conseguirFechaDeLlamadaTest" time="0.001"/>
  <system-out/>
  <testcase classname="entidadesTest.CDRTest" name="conversiónDeTiempoDeLlamadaADecimalTest" time="0.000"/>
  <system-out/>
  <testcase classname="entidadesTest.CDRTest" name="calcularElCostoDeLlamadaTest" time="0.000"/>
  <system-out/>
  <testcase classname="entidadesTest.CDRTest" name="conseguirHoraDeLlamadaTest" time="0.000"/>
  <system-out/>
  <testcase classname="entidadesTest.CDRTest" name="conseguirNumeroDeTelefonoDeOrigenTest" time="0.000"/>
  <system-out/>
  <testcase classname="entidadesTest.CDRTest" name="conseguirNumeroDeTelefonoDeDestinoTest" time="0.000"/>
  <system-out/>
  <testcase classname="entidadesTest.CDRTest" name="conseguirDuracionDeLlamadaTest" time="0.000"/>
  <system-out/>
  <testcase classname="entidadesTest.CDRTest" name="asignarCostoYConseguirCostoDeLlamadaTest" time="0.001"/>
  <system-out/>
</testsuite> <!-- entidadesTest.CDRTest -->
