<?xml version="1.0" encoding="UTF-8"?>
<!-- Generated by org.testng.reporters.JUnitReportReporter -->
<testsuite hostname="DESKTOP-20AOCAJ" failures="0" tests="7" name="testconNg.CDRTest" time="0.010" errors="0" timestamp="2020-11-09T00:36:50 BOT" skipped="0">
  <testcase classname="testconNg.CDRTest" name="conseguirNumeroDeTelefonoDeDestinoTest" time="0.001"/>
  <system-out/>
  <testcase classname="testconNg.CDRTest" name="conseguirHoraDeLlamadaTest" time="0.000"/>
  <system-out/>
  <testcase classname="testconNg.CDRTest" name="asignarCostoYConseguirCostoDeLlamadaTest" time="0.007"/>
  <system-out/>
  <testcase classname="testconNg.CDRTest" name="conseguirNumeroDeTelefonoDeOrigenTest" time="0.001"/>
  <system-out/>
  <testcase classname="testconNg.CDRTest" name="conseguirDuracionDeLlamadaTest" time="0.000"/>
  <system-out/>
  <testcase classname="testconNg.CDRTest" name="conversiónDeTiempoDeLlamadaADecimalTest" time="0.001"/>
  <system-out/>
  <testcase classname="testconNg.CDRTest" name="conseguirFechaDeLlamadaTest" time="0.000"/>
  <system-out/>
</testsuite> <!-- testconNg.CDRTest -->
