<?xml version="1.0" encoding="UTF-8"?>
<!-- Generated by org.testng.reporters.JUnitReportReporter -->
<testsuite hostname="DESKTOP-20AOCAJ" failures="0" tests="7" name="CDRTest" time="0.000" errors="0" timestamp="2020-11-10T18:11:54 BOT" skipped="0">
  <testcase classname="CDRTest" name="conseguirNumeroDeTelefonoDeDestinoTest" time="0.000"/>
  <system-out/>
  <testcase classname="CDRTest" name="conseguirHoraDeLlamadaTest" time="0.000"/>
  <system-out/>
  <testcase classname="CDRTest" name="conversiónDeTiempoDeLlamadaADecimalTest" time="0.000"/>
  <system-out/>
  <testcase classname="CDRTest" name="conseguirNumeroDeTelefonoDeOrigenTest" time="0.000"/>
  <system-out/>
  <testcase classname="CDRTest" name="asignarCostoYConseguirCostoDeLlamadaTest" time="0.000"/>
  <system-out/>
  <testcase classname="CDRTest" name="conseguirFechaDeLlamadaTest" time="0.000"/>
  <system-out/>
  <testcase classname="CDRTest" name="conseguirDuracionDeLlamadaTest" time="0.000"/>
  <system-out/>
</testsuite> <!-- CDRTest -->
